This file contains any messages produced by compilers while
running configure, to aid debugging if configure makes a mistake.

It was created by Spread configure 4.0.0, which was
generated by GNU Autoconf 2.59.  Invocation command line was

  $ ./configure 

## --------- ##
## Platform. ##
## --------- ##

hostname = SrishtiA
uname -m = i686
uname -r = 2.6.9-42.ELsmp
uname -s = Linux
uname -v = #1 SMP Wed Jul 12 23:27:17 EDT 2006

/usr/bin/uname -p = unknown
/bin/uname -X     = unknown

/bin/arch              = i686
/usr/bin/arch -k       = unknown
/usr/convex/getsysinfo = unknown
hostinfo               = unknown
/bin/machine           = unknown
/usr/bin/oslevel       = unknown
/bin/universe          = unknown

PATH: /usr/kerberos/bin
PATH: /usr/local/bin
PATH: /bin
PATH: /usr/bin
PATH: /usr/X11R6/bin
PATH: /home3/sandeep/bin
PATH: /home3/sandeep/bin
PATH: /home1/env/montavista/montavista/cge/devkit/ppc/82xx/bin
PATH: /home1/env/tau2.7.1/bin
PATH: /home3/sandeep/mpich2-install/bin


## ----------- ##
## Core tests. ##
## ----------- ##

configure:1354: checking build system type
configure:1372: result: i686-pc-linux-gnu
configure:1380: checking host system type
configure:1394: result: i686-pc-linux-gnu
configure:1456: checking for gcc
configure:1472: found /usr/bin/gcc
configure:1482: result: gcc
configure:1726: checking for C compiler version
configure:1729: gcc --version </dev/null >&5
gcc (GCC) 3.4.6 20060404 (Red Hat 3.4.6-3)
Copyright (C) 2006 Free Software Foundation, Inc.
This is free software; see the source for copying conditions.  There is NO
warranty; not even for MERCHANTABILITY or FITNESS FOR A PARTICULAR PURPOSE.

configure:1732: $? = 0
configure:1734: gcc -v </dev/null >&5
Reading specs from /usr/lib/gcc/i386-redhat-linux/3.4.6/specs
Configured with: ../configure --prefix=/usr --mandir=/usr/share/man --infodir=/usr/share/info --enable-shared --enable-threads=posix --disable-checking --with-system-zlib --enable-__cxa_atexit --disable-libunwind-exceptions --enable-java-awt=gtk --host=i386-redhat-linux
Thread model: posix
gcc version 3.4.6 20060404 (Red Hat 3.4.6-3)
configure:1737: $? = 0
configure:1739: gcc -V </dev/null >&5
gcc: `-V' option must have argument
configure:1742: $? = 1
configure:1765: checking for C compiler default output file name
configure:1768: gcc    conftest.c  >&5
configure:1771: $? = 0
configure:1817: result: a.out
configure:1822: checking whether the C compiler works
configure:1828: ./a.out
configure:1831: $? = 0
configure:1848: result: yes
configure:1855: checking whether we are cross compiling
configure:1857: result: no
configure:1860: checking for suffix of executables
configure:1862: gcc -o conftest    conftest.c  >&5
configure:1865: $? = 0
configure:1890: result: 
configure:1896: checking for suffix of object files
configure:1917: gcc -c   conftest.c >&5
configure:1920: $? = 0
configure:1942: result: o
configure:1946: checking whether we are using the GNU C compiler
configure:1970: gcc -c   conftest.c >&5
configure:1976: $? = 0
configure:1980: test -z 
			 || test ! -s conftest.err
configure:1983: $? = 0
configure:1986: test -s conftest.o
configure:1989: $? = 0
configure:2002: result: yes
configure:2008: checking whether gcc accepts -g
configure:2029: gcc -c -g  conftest.c >&5
configure:2035: $? = 0
configure:2039: test -z 
			 || test ! -s conftest.err
configure:2042: $? = 0
configure:2045: test -s conftest.o
configure:2048: $? = 0
configure:2059: result: yes
configure:2076: checking for gcc option to accept ANSI C
configure:2146: gcc  -c -g -O2  conftest.c >&5
configure:2152: $? = 0
configure:2156: test -z 
			 || test ! -s conftest.err
configure:2159: $? = 0
configure:2162: test -s conftest.o
configure:2165: $? = 0
configure:2183: result: none needed
configure:2201: gcc -c -g -O2  conftest.c >&5
conftest.c:2: error: syntax error before "me"
configure:2207: $? = 1
configure: failed program was:
| #ifndef __cplusplus
|   choke me
| #endif
configure:2341: checking whether byte ordering is bigendian
configure:2368: gcc -c -g -O2  conftest.c >&5
configure:2374: $? = 0
configure:2378: test -z 
			 || test ! -s conftest.err
configure:2381: $? = 0
configure:2384: test -s conftest.o
configure:2387: $? = 0
configure:2411: gcc -c -g -O2  conftest.c >&5
conftest.c: In function `main':
conftest.c:16: error: `not' undeclared (first use in this function)
conftest.c:16: error: (Each undeclared identifier is reported only once
conftest.c:16: error: for each function it appears in.)
conftest.c:16: error: syntax error before "big"
configure:2417: $? = 1
configure: failed program was:
| /* confdefs.h.  */
| 
| #define PACKAGE_NAME "Spread"
| #define PACKAGE_TARNAME "spread"
| #define PACKAGE_VERSION "4.0.0"
| #define PACKAGE_STRING "Spread 4.0.0"
| #define PACKAGE_BUGREPORT ""
| /* end confdefs.h.  */
| #include <sys/types.h>
| #include <sys/param.h>
| 
| int
| main ()
| {
| #if BYTE_ORDER != BIG_ENDIAN
|  not big endian
| #endif
| 
|   ;
|   return 0;
| }
configure:2552: result: no
configure:2578: checking how to run the C preprocessor
configure:2613: gcc -E  conftest.c
configure:2619: $? = 0
configure:2651: gcc -E  conftest.c
conftest.c:9:28: ac_nonexistent.h: No such file or directory
configure:2657: $? = 1
configure: failed program was:
| /* confdefs.h.  */
| 
| #define PACKAGE_NAME "Spread"
| #define PACKAGE_TARNAME "spread"
| #define PACKAGE_VERSION "4.0.0"
| #define PACKAGE_STRING "Spread 4.0.0"
| #define PACKAGE_BUGREPORT ""
| /* end confdefs.h.  */
| #include <ac_nonexistent.h>
configure:2696: result: gcc -E
configure:2720: gcc -E  conftest.c
configure:2726: $? = 0
configure:2758: gcc -E  conftest.c
conftest.c:9:28: ac_nonexistent.h: No such file or directory
configure:2764: $? = 1
configure: failed program was:
| /* confdefs.h.  */
| 
| #define PACKAGE_NAME "Spread"
| #define PACKAGE_TARNAME "spread"
| #define PACKAGE_VERSION "4.0.0"
| #define PACKAGE_STRING "Spread 4.0.0"
| #define PACKAGE_BUGREPORT ""
| /* end confdefs.h.  */
| #include <ac_nonexistent.h>
configure:2848: checking for ranlib
configure:2864: found /usr/bin/ranlib
configure:2875: result: ranlib
configure:2900: checking for a BSD-compatible install
configure:2955: result: /usr/bin/install -c
configure:2966: checking whether ln -s works
configure:2970: result: yes
configure:2981: checking for bison
configure:2997: found /usr/bin/bison
configure:3007: result: bison -y
configure:3020: checking for flex
configure:3038: found /usr/bin/flex
configure:3050: result: /usr/bin/flex
configure:3060: checking for ar
configure:3078: found /usr/bin/ar
configure:3090: result: /usr/bin/ar
configure:3101: checking for perl5
configure:3134: result: no
configure:3101: checking for perl
configure:3119: found /usr/bin/perl
configure:3131: result: /usr/bin/perl
configure:3155: checking for inline
configure:3176: gcc -c -g -O2  conftest.c >&5
configure:3182: $? = 0
configure:3186: test -z 
			 || test ! -s conftest.err
configure:3189: $? = 0
configure:3192: test -s conftest.o
configure:3195: $? = 0
configure:3207: result: inline
configure:3279: checking if we need -pthread for threads
configure:3302: gcc -o conftest -g -O2 -Wall  -pthread  conftest.c  >&5
configure:3308: $? = 0
configure:3312: test -z 
			 || test ! -s conftest.err
configure:3315: $? = 0
configure:3318: test -s conftest
configure:3321: $? = 0
configure:3337: result: yes
configure:3351: checking for pthread_create in -lpthread
configure:3381: gcc -o conftest -g -O2 -Wall   conftest.c -lpthread   >&5
configure:3387: $? = 0
configure:3391: test -z 
			 || test ! -s conftest.err
configure:3394: $? = 0
configure:3397: test -s conftest
configure:3400: $? = 0
configure:3413: result: yes
configure:3425: checking for thr_create in -lthread
configure:3455: gcc -o conftest -g -O2 -Wall   conftest.c -lthread  -lpthread  >&5
/usr/bin/ld: cannot find -lthread
collect2: ld returned 1 exit status
configure:3461: $? = 1
configure: failed program was:
| /* confdefs.h.  */
| 
| #define PACKAGE_NAME "Spread"
| #define PACKAGE_TARNAME "spread"
| #define PACKAGE_VERSION "4.0.0"
| #define PACKAGE_STRING "Spread 4.0.0"
| #define PACKAGE_BUGREPORT ""
| #define HAVE_LIBPTHREAD 1
| /* end confdefs.h.  */
| 
| /* Override any gcc2 internal prototype to avoid an error.  */
| #ifdef __cplusplus
| extern "C"
| #endif
| /* We use char because int might match the return type of a gcc2
|    builtin and then its argument prototype would still apply.  */
| char thr_create ();
| int
| main ()
| {
| thr_create ();
|   ;
|   return 0;
| }
configure:3487: result: no
configure:3499: checking for sem_wait in -lposix4
configure:3529: gcc -o conftest -g -O2 -Wall   conftest.c -lposix4  -lpthread  >&5
/usr/bin/ld: cannot find -lposix4
collect2: ld returned 1 exit status
configure:3535: $? = 1
configure: failed program was:
| /* confdefs.h.  */
| 
| #define PACKAGE_NAME "Spread"
| #define PACKAGE_TARNAME "spread"
| #define PACKAGE_VERSION "4.0.0"
| #define PACKAGE_STRING "Spread 4.0.0"
| #define PACKAGE_BUGREPORT ""
| #define HAVE_LIBPTHREAD 1
| /* end confdefs.h.  */
| 
| /* Override any gcc2 internal prototype to avoid an error.  */
| #ifdef __cplusplus
| extern "C"
| #endif
| /* We use char because int might match the return type of a gcc2
|    builtin and then its argument prototype would still apply.  */
| char sem_wait ();
| int
| main ()
| {
| sem_wait ();
|   ;
|   return 0;
| }
configure:3561: result: no
configure:3578: checking for pthread_atfork
configure:3635: gcc -o conftest -g -O2 -Wall   conftest.c -lpthread  >&5
configure:3641: $? = 0
configure:3645: test -z 
			 || test ! -s conftest.err
configure:3648: $? = 0
configure:3651: test -s conftest
configure:3654: $? = 0
configure:3666: result: yes
configure:3679: checking for gethostbyaddr in -lnsl
configure:3709: gcc -o conftest -g -O2 -Wall   conftest.c -lnsl   >&5
configure:3715: $? = 0
configure:3719: test -z 
			 || test ! -s conftest.err
configure:3722: $? = 0
configure:3725: test -s conftest
configure:3728: $? = 0
configure:3741: result: yes
configure:3753: checking for socket in -lsocket
configure:3783: gcc -o conftest -g -O2 -Wall   conftest.c -lsocket  -lnsl  >&5
/usr/bin/ld: cannot find -lsocket
collect2: ld returned 1 exit status
configure:3789: $? = 1
configure: failed program was:
| /* confdefs.h.  */
| 
| #define PACKAGE_NAME "Spread"
| #define PACKAGE_TARNAME "spread"
| #define PACKAGE_VERSION "4.0.0"
| #define PACKAGE_STRING "Spread 4.0.0"
| #define PACKAGE_BUGREPORT ""
| #define HAVE_LIBPTHREAD 1
| #define HAVE_PTHREAD_ATFORK 1
| #define HAVE_LIBNSL 1
| /* end confdefs.h.  */
| 
| /* Override any gcc2 internal prototype to avoid an error.  */
| #ifdef __cplusplus
| extern "C"
| #endif
| /* We use char because int might match the return type of a gcc2
|    builtin and then its argument prototype would still apply.  */
| char socket ();
| int
| main ()
| {
| socket ();
|   ;
|   return 0;
| }
configure:3815: result: no
configure:3828: checking for sqrt in -lm
configure:3858: gcc -o conftest -g -O2 -Wall   conftest.c -lm  -lnsl  >&5
conftest.c:19: warning: conflicting types for built-in function 'sqrt'
configure:3864: $? = 0
configure:3868: test -z 
			 || test ! -s conftest.err
configure:3871: $? = 0
configure:3874: test -s conftest
configure:3877: $? = 0
configure:3890: result: yes
configure:3906: checking for strftime
configure:3963: gcc -o conftest -g -O2 -Wall   conftest.c -lm -lnsl  >&5
conftest.c:37: warning: conflicting types for built-in function 'strftime'
configure:3969: $? = 0
configure:3973: test -z 
			 || test ! -s conftest.err
configure:3976: $? = 0
configure:3979: test -s conftest
configure:3982: $? = 0
configure:3994: result: yes
configure:4081: checking for egrep
configure:4091: result: grep -E
configure:4096: checking for ANSI C header files
configure:4121: gcc -c -g -O2 -Wall  conftest.c >&5
configure:4127: $? = 0
configure:4131: test -z 
			 || test ! -s conftest.err
configure:4134: $? = 0
configure:4137: test -s conftest.o
configure:4140: $? = 0
configure:4229: gcc -o conftest -g -O2 -Wall   conftest.c -lm -lnsl  >&5
conftest.c: In function `main':
conftest.c:31: warning: implicit declaration of function `exit'
configure:4232: $? = 0
configure:4234: ./conftest
configure:4237: $? = 0
configure:4252: result: yes
configure:4276: checking for sys/types.h
configure:4292: gcc -c -g -O2 -Wall  conftest.c >&5
configure:4298: $? = 0
configure:4302: test -z 
			 || test ! -s conftest.err
configure:4305: $? = 0
configure:4308: test -s conftest.o
configure:4311: $? = 0
configure:4322: result: yes
configure:4276: checking for sys/stat.h
configure:4292: gcc -c -g -O2 -Wall  conftest.c >&5
configure:4298: $? = 0
configure:4302: test -z 
			 || test ! -s conftest.err
configure:4305: $? = 0
configure:4308: test -s conftest.o
configure:4311: $? = 0
configure:4322: result: yes
configure:4276: checking for stdlib.h
configure:4292: gcc -c -g -O2 -Wall  conftest.c >&5
configure:4298: $? = 0
configure:4302: test -z 
			 || test ! -s conftest.err
configure:4305: $? = 0
configure:4308: test -s conftest.o
configure:4311: $? = 0
configure:4322: result: yes
configure:4276: checking for string.h
configure:4292: gcc -c -g -O2 -Wall  conftest.c >&5
configure:4298: $? = 0
configure:4302: test -z 
			 || test ! -s conftest.err
configure:4305: $? = 0
configure:4308: test -s conftest.o
configure:4311: $? = 0
configure:4322: result: yes
configure:4276: checking for memory.h
configure:4292: gcc -c -g -O2 -Wall  conftest.c >&5
configure:4298: $? = 0
configure:4302: test -z 
			 || test ! -s conftest.err
configure:4305: $? = 0
configure:4308: test -s conftest.o
configure:4311: $? = 0
configure:4322: result: yes
configure:4276: checking for strings.h
configure:4292: gcc -c -g -O2 -Wall  conftest.c >&5
configure:4298: $? = 0
configure:4302: test -z 
			 || test ! -s conftest.err
configure:4305: $? = 0
configure:4308: test -s conftest.o
configure:4311: $? = 0
configure:4322: result: yes
configure:4276: checking for inttypes.h
configure:4292: gcc -c -g -O2 -Wall  conftest.c >&5
configure:4298: $? = 0
configure:4302: test -z 
			 || test ! -s conftest.err
configure:4305: $? = 0
configure:4308: test -s conftest.o
configure:4311: $? = 0
configure:4322: result: yes
configure:4276: checking for stdint.h
configure:4292: gcc -c -g -O2 -Wall  conftest.c >&5
configure:4298: $? = 0
configure:4302: test -z 
			 || test ! -s conftest.err
configure:4305: $? = 0
configure:4308: test -s conftest.o
configure:4311: $? = 0
configure:4322: result: yes
configure:4276: checking for unistd.h
configure:4292: gcc -c -g -O2 -Wall  conftest.c >&5
configure:4298: $? = 0
configure:4302: test -z 
			 || test ! -s conftest.err
configure:4305: $? = 0
configure:4308: test -s conftest.o
configure:4311: $? = 0
configure:4322: result: yes
configure:4379: checking arpa/inet.h usability
configure:4391: gcc -c -g -O2 -Wall  conftest.c >&5
configure:4397: $? = 0
configure:4401: test -z 
			 || test ! -s conftest.err
configure:4404: $? = 0
configure:4407: test -s conftest.o
configure:4410: $? = 0
configure:4420: result: yes
configure:4424: checking arpa/inet.h presence
configure:4434: gcc -E  conftest.c
configure:4440: $? = 0
configure:4460: result: yes
configure:4495: checking for arpa/inet.h
configure:4502: result: yes
configure:4379: checking assert.h usability
configure:4391: gcc -c -g -O2 -Wall  conftest.c >&5
configure:4397: $? = 0
configure:4401: test -z 
			 || test ! -s conftest.err
configure:4404: $? = 0
configure:4407: test -s conftest.o
configure:4410: $? = 0
configure:4420: result: yes
configure:4424: checking assert.h presence
configure:4434: gcc -E  conftest.c
configure:4440: $? = 0
configure:4460: result: yes
configure:4495: checking for assert.h
configure:4502: result: yes
configure:4379: checking errno.h usability
configure:4391: gcc -c -g -O2 -Wall  conftest.c >&5
configure:4397: $? = 0
configure:4401: test -z 
			 || test ! -s conftest.err
configure:4404: $? = 0
configure:4407: test -s conftest.o
configure:4410: $? = 0
configure:4420: result: yes
configure:4424: checking errno.h presence
configure:4434: gcc -E  conftest.c
configure:4440: $? = 0
configure:4460: result: yes
configure:4495: checking for errno.h
configure:4502: result: yes
configure:4379: checking grp.h usability
configure:4391: gcc -c -g -O2 -Wall  conftest.c >&5
configure:4397: $? = 0
configure:4401: test -z 
			 || test ! -s conftest.err
configure:4404: $? = 0
configure:4407: test -s conftest.o
configure:4410: $? = 0
configure:4420: result: yes
configure:4424: checking grp.h presence
configure:4434: gcc -E  conftest.c
configure:4440: $? = 0
configure:4460: result: yes
configure:4495: checking for grp.h
configure:4502: result: yes
configure:4379: checking limits.h usability
configure:4391: gcc -c -g -O2 -Wall  conftest.c >&5
configure:4397: $? = 0
configure:4401: test -z 
			 || test ! -s conftest.err
configure:4404: $? = 0
configure:4407: test -s conftest.o
configure:4410: $? = 0
configure:4420: result: yes
configure:4424: checking limits.h presence
configure:4434: gcc -E  conftest.c
configure:4440: $? = 0
configure:4460: result: yes
configure:4495: checking for limits.h
configure:4502: result: yes
configure:4379: checking netdb.h usability
configure:4391: gcc -c -g -O2 -Wall  conftest.c >&5
configure:4397: $? = 0
configure:4401: test -z 
			 || test ! -s conftest.err
configure:4404: $? = 0
configure:4407: test -s conftest.o
configure:4410: $? = 0
configure:4420: result: yes
configure:4424: checking netdb.h presence
configure:4434: gcc -E  conftest.c
configure:4440: $? = 0
configure:4460: result: yes
configure:4495: checking for netdb.h
configure:4502: result: yes
configure:4379: checking netinet/in.h usability
configure:4391: gcc -c -g -O2 -Wall  conftest.c >&5
configure:4397: $? = 0
configure:4401: test -z 
			 || test ! -s conftest.err
configure:4404: $? = 0
configure:4407: test -s conftest.o
configure:4410: $? = 0
configure:4420: result: yes
configure:4424: checking netinet/in.h presence
configure:4434: gcc -E  conftest.c
configure:4440: $? = 0
configure:4460: result: yes
configure:4495: checking for netinet/in.h
configure:4502: result: yes
configure:4379: checking netinet/tcp.h usability
configure:4391: gcc -c -g -O2 -Wall  conftest.c >&5
configure:4397: $? = 0
configure:4401: test -z 
			 || test ! -s conftest.err
configure:4404: $? = 0
configure:4407: test -s conftest.o
configure:4410: $? = 0
configure:4420: result: yes
configure:4424: checking netinet/tcp.h presence
configure:4434: gcc -E  conftest.c
configure:4440: $? = 0
configure:4460: result: yes
configure:4495: checking for netinet/tcp.h
configure:4502: result: yes
configure:4379: checking process.h usability
configure:4391: gcc -c -g -O2 -Wall  conftest.c >&5
conftest.c:66:21: process.h: No such file or directory
configure:4397: $? = 1
configure: failed program was:
| /* confdefs.h.  */
| 
| #define PACKAGE_NAME "Spread"
| #define PACKAGE_TARNAME "spread"
| #define PACKAGE_VERSION "4.0.0"
| #define PACKAGE_STRING "Spread 4.0.0"
| #define PACKAGE_BUGREPORT ""
| #define HAVE_LIBPTHREAD 1
| #define HAVE_PTHREAD_ATFORK 1
| #define HAVE_LIBNSL 1
| #define HAVE_LIBM 1
| #define HAVE_STRFTIME 1
| #define STDC_HEADERS 1
| #define HAVE_SYS_TYPES_H 1
| #define HAVE_SYS_STAT_H 1
| #define HAVE_STDLIB_H 1
| #define HAVE_STRING_H 1
| #define HAVE_MEMORY_H 1
| #define HAVE_STRINGS_H 1
| #define HAVE_INTTYPES_H 1
| #define HAVE_STDINT_H 1
| #define HAVE_UNISTD_H 1
| #define HAVE_ARPA_INET_H 1
| #define HAVE_ASSERT_H 1
| #define HAVE_ERRNO_H 1
| #define HAVE_GRP_H 1
| #define HAVE_LIMITS_H 1
| #define HAVE_NETDB_H 1
| #define HAVE_NETINET_IN_H 1
| #define HAVE_NETINET_TCP_H 1
| /* end confdefs.h.  */
| #include <stdio.h>
| #if HAVE_SYS_TYPES_H
| # include <sys/types.h>
| #endif
| #if HAVE_SYS_STAT_H
| # include <sys/stat.h>
| #endif
| #if STDC_HEADERS
| # include <stdlib.h>
| # include <stddef.h>
| #else
| # if HAVE_STDLIB_H
| #  include <stdlib.h>
| # endif
| #endif
| #if HAVE_STRING_H
| # if !STDC_HEADERS && HAVE_MEMORY_H
| #  include <memory.h>
| # endif
| # include <string.h>
| #endif
| #if HAVE_STRINGS_H
| # include <strings.h>
| #endif
| #if HAVE_INTTYPES_H
| # include <inttypes.h>
| #else
| # if HAVE_STDINT_H
| #  include <stdint.h>
| # endif
| #endif
| #if HAVE_UNISTD_H
| # include <unistd.h>
| #endif
| #include <process.h>
configure:4420: result: no
configure:4424: checking process.h presence
configure:4434: gcc -E  conftest.c
conftest.c:32:21: process.h: No such file or directory
configure:4440: $? = 1
configure: failed program was:
| /* confdefs.h.  */
| 
| #define PACKAGE_NAME "Spread"
| #define PACKAGE_TARNAME "spread"
| #define PACKAGE_VERSION "4.0.0"
| #define PACKAGE_STRING "Spread 4.0.0"
| #define PACKAGE_BUGREPORT ""
| #define HAVE_LIBPTHREAD 1
| #define HAVE_PTHREAD_ATFORK 1
| #define HAVE_LIBNSL 1
| #define HAVE_LIBM 1
| #define HAVE_STRFTIME 1
| #define STDC_HEADERS 1
| #define HAVE_SYS_TYPES_H 1
| #define HAVE_SYS_STAT_H 1
| #define HAVE_STDLIB_H 1
| #define HAVE_STRING_H 1
| #define HAVE_MEMORY_H 1
| #define HAVE_STRINGS_H 1
| #define HAVE_INTTYPES_H 1
| #define HAVE_STDINT_H 1
| #define HAVE_UNISTD_H 1
| #define HAVE_ARPA_INET_H 1
| #define HAVE_ASSERT_H 1
| #define HAVE_ERRNO_H 1
| #define HAVE_GRP_H 1
| #define HAVE_LIMITS_H 1
| #define HAVE_NETDB_H 1
| #define HAVE_NETINET_IN_H 1
| #define HAVE_NETINET_TCP_H 1
| /* end confdefs.h.  */
| #include <process.h>
configure:4460: result: no
configure:4495: checking for process.h
configure:4502: result: no
configure:4379: checking pthread.h usability
configure:4391: gcc -c -g -O2 -Wall  conftest.c >&5
configure:4397: $? = 0
configure:4401: test -z 
			 || test ! -s conftest.err
configure:4404: $? = 0
configure:4407: test -s conftest.o
configure:4410: $? = 0
configure:4420: result: yes
configure:4424: checking pthread.h presence
configure:4434: gcc -E  conftest.c
configure:4440: $? = 0
configure:4460: result: yes
configure:4495: checking for pthread.h
configure:4502: result: yes
configure:4379: checking pwd.h usability
configure:4391: gcc -c -g -O2 -Wall  conftest.c >&5
configure:4397: $? = 0
configure:4401: test -z 
			 || test ! -s conftest.err
configure:4404: $? = 0
configure:4407: test -s conftest.o
configure:4410: $? = 0
configure:4420: result: yes
configure:4424: checking pwd.h presence
configure:4434: gcc -E  conftest.c
configure:4440: $? = 0
configure:4460: result: yes
configure:4495: checking for pwd.h
configure:4502: result: yes
configure:4379: checking signal.h usability
configure:4391: gcc -c -g -O2 -Wall  conftest.c >&5
configure:4397: $? = 0
configure:4401: test -z 
			 || test ! -s conftest.err
configure:4404: $? = 0
configure:4407: test -s conftest.o
configure:4410: $? = 0
configure:4420: result: yes
configure:4424: checking signal.h presence
configure:4434: gcc -E  conftest.c
configure:4440: $? = 0
configure:4460: result: yes
configure:4495: checking for signal.h
configure:4502: result: yes
configure:4379: checking stdarg.h usability
configure:4391: gcc -c -g -O2 -Wall  conftest.c >&5
configure:4397: $? = 0
configure:4401: test -z 
			 || test ! -s conftest.err
configure:4404: $? = 0
configure:4407: test -s conftest.o
configure:4410: $? = 0
configure:4420: result: yes
configure:4424: checking stdarg.h presence
configure:4434: gcc -E  conftest.c
configure:4440: $? = 0
configure:4460: result: yes
configure:4495: checking for stdarg.h
configure:4502: result: yes
configure:4370: checking for stdint.h
configure:4375: result: yes
configure:4379: checking stdio.h usability
configure:4391: gcc -c -g -O2 -Wall  conftest.c >&5
configure:4397: $? = 0
configure:4401: test -z 
			 || test ! -s conftest.err
configure:4404: $? = 0
configure:4407: test -s conftest.o
configure:4410: $? = 0
configure:4420: result: yes
configure:4424: checking stdio.h presence
configure:4434: gcc -E  conftest.c
configure:4440: $? = 0
configure:4460: result: yes
configure:4495: checking for stdio.h
configure:4502: result: yes
configure:4370: checking for stdlib.h
configure:4375: result: yes
configure:4370: checking for string.h
configure:4375: result: yes
configure:4379: checking sys/inttypes.h usability
configure:4391: gcc -c -g -O2 -Wall  conftest.c >&5
conftest.c:74:26: sys/inttypes.h: No such file or directory
configure:4397: $? = 1
configure: failed program was:
| /* confdefs.h.  */
| 
| #define PACKAGE_NAME "Spread"
| #define PACKAGE_TARNAME "spread"
| #define PACKAGE_VERSION "4.0.0"
| #define PACKAGE_STRING "Spread 4.0.0"
| #define PACKAGE_BUGREPORT ""
| #define HAVE_LIBPTHREAD 1
| #define HAVE_PTHREAD_ATFORK 1
| #define HAVE_LIBNSL 1
| #define HAVE_LIBM 1
| #define HAVE_STRFTIME 1
| #define STDC_HEADERS 1
| #define HAVE_SYS_TYPES_H 1
| #define HAVE_SYS_STAT_H 1
| #define HAVE_STDLIB_H 1
| #define HAVE_STRING_H 1
| #define HAVE_MEMORY_H 1
| #define HAVE_STRINGS_H 1
| #define HAVE_INTTYPES_H 1
| #define HAVE_STDINT_H 1
| #define HAVE_UNISTD_H 1
| #define HAVE_ARPA_INET_H 1
| #define HAVE_ASSERT_H 1
| #define HAVE_ERRNO_H 1
| #define HAVE_GRP_H 1
| #define HAVE_LIMITS_H 1
| #define HAVE_NETDB_H 1
| #define HAVE_NETINET_IN_H 1
| #define HAVE_NETINET_TCP_H 1
| #define HAVE_PTHREAD_H 1
| #define HAVE_PWD_H 1
| #define HAVE_SIGNAL_H 1
| #define HAVE_STDARG_H 1
| #define HAVE_STDINT_H 1
| #define HAVE_STDIO_H 1
| #define HAVE_STDLIB_H 1
| #define HAVE_STRING_H 1
| /* end confdefs.h.  */
| #include <stdio.h>
| #if HAVE_SYS_TYPES_H
| # include <sys/types.h>
| #endif
| #if HAVE_SYS_STAT_H
| # include <sys/stat.h>
| #endif
| #if STDC_HEADERS
| # include <stdlib.h>
| # include <stddef.h>
| #else
| # if HAVE_STDLIB_H
| #  include <stdlib.h>
| # endif
| #endif
| #if HAVE_STRING_H
| # if !STDC_HEADERS && HAVE_MEMORY_H
| #  include <memory.h>
| # endif
| # include <string.h>
| #endif
| #if HAVE_STRINGS_H
| # include <strings.h>
| #endif
| #if HAVE_INTTYPES_H
| # include <inttypes.h>
| #else
| # if HAVE_STDINT_H
| #  include <stdint.h>
| # endif
| #endif
| #if HAVE_UNISTD_H
| # include <unistd.h>
| #endif
| #include <sys/inttypes.h>
configure:4420: result: no
configure:4424: checking sys/inttypes.h presence
configure:4434: gcc -E  conftest.c
conftest.c:40:26: sys/inttypes.h: No such file or directory
configure:4440: $? = 1
configure: failed program was:
| /* confdefs.h.  */
| 
| #define PACKAGE_NAME "Spread"
| #define PACKAGE_TARNAME "spread"
| #define PACKAGE_VERSION "4.0.0"
| #define PACKAGE_STRING "Spread 4.0.0"
| #define PACKAGE_BUGREPORT ""
| #define HAVE_LIBPTHREAD 1
| #define HAVE_PTHREAD_ATFORK 1
| #define HAVE_LIBNSL 1
| #define HAVE_LIBM 1
| #define HAVE_STRFTIME 1
| #define STDC_HEADERS 1
| #define HAVE_SYS_TYPES_H 1
| #define HAVE_SYS_STAT_H 1
| #define HAVE_STDLIB_H 1
| #define HAVE_STRING_H 1
| #define HAVE_MEMORY_H 1
| #define HAVE_STRINGS_H 1
| #define HAVE_INTTYPES_H 1
| #define HAVE_STDINT_H 1
| #define HAVE_UNISTD_H 1
| #define HAVE_ARPA_INET_H 1
| #define HAVE_ASSERT_H 1
| #define HAVE_ERRNO_H 1
| #define HAVE_GRP_H 1
| #define HAVE_LIMITS_H 1
| #define HAVE_NETDB_H 1
| #define HAVE_NETINET_IN_H 1
| #define HAVE_NETINET_TCP_H 1
| #define HAVE_PTHREAD_H 1
| #define HAVE_PWD_H 1
| #define HAVE_SIGNAL_H 1
| #define HAVE_STDARG_H 1
| #define HAVE_STDINT_H 1
| #define HAVE_STDIO_H 1
| #define HAVE_STDLIB_H 1
| #define HAVE_STRING_H 1
| /* end confdefs.h.  */
| #include <sys/inttypes.h>
configure:4460: result: no
configure:4495: checking for sys/inttypes.h
configure:4502: result: no
configure:4379: checking sys/ioctl.h usability
configure:4391: gcc -c -g -O2 -Wall  conftest.c >&5
configure:4397: $? = 0
configure:4401: test -z 
			 || test ! -s conftest.err
configure:4404: $? = 0
configure:4407: test -s conftest.o
configure:4410: $? = 0
configure:4420: result: yes
configure:4424: checking sys/ioctl.h presence
configure:4434: gcc -E  conftest.c
configure:4440: $? = 0
configure:4460: result: yes
configure:4495: checking for sys/ioctl.h
configure:4502: result: yes
configure:4379: checking sys/param.h usability
configure:4391: gcc -c -g -O2 -Wall  conftest.c >&5
configure:4397: $? = 0
configure:4401: test -z 
			 || test ! -s conftest.err
configure:4404: $? = 0
configure:4407: test -s conftest.o
configure:4410: $? = 0
configure:4420: result: yes
configure:4424: checking sys/param.h presence
configure:4434: gcc -E  conftest.c
configure:4440: $? = 0
configure:4460: result: yes
configure:4495: checking for sys/param.h
configure:4502: result: yes
configure:4379: checking sys/socket.h usability
configure:4391: gcc -c -g -O2 -Wall  conftest.c >&5
configure:4397: $? = 0
configure:4401: test -z 
			 || test ! -s conftest.err
configure:4404: $? = 0
configure:4407: test -s conftest.o
configure:4410: $? = 0
configure:4420: result: yes
configure:4424: checking sys/socket.h presence
configure:4434: gcc -E  conftest.c
configure:4440: $? = 0
configure:4460: result: yes
configure:4495: checking for sys/socket.h
configure:4502: result: yes
configure:4370: checking for sys/stat.h
configure:4375: result: yes
configure:4379: checking sys/time.h usability
configure:4391: gcc -c -g -O2 -Wall  conftest.c >&5
configure:4397: $? = 0
configure:4401: test -z 
			 || test ! -s conftest.err
configure:4404: $? = 0
configure:4407: test -s conftest.o
configure:4410: $? = 0
configure:4420: result: yes
configure:4424: checking sys/time.h presence
configure:4434: gcc -E  conftest.c
configure:4440: $? = 0
configure:4460: result: yes
configure:4495: checking for sys/time.h
configure:4502: result: yes
configure:4379: checking sys/timeb.h usability
configure:4391: gcc -c -g -O2 -Wall  conftest.c >&5
configure:4397: $? = 0
configure:4401: test -z 
			 || test ! -s conftest.err
configure:4404: $? = 0
configure:4407: test -s conftest.o
configure:4410: $? = 0
configure:4420: result: yes
configure:4424: checking sys/timeb.h presence
configure:4434: gcc -E  conftest.c
configure:4440: $? = 0
configure:4460: result: yes
configure:4495: checking for sys/timeb.h
configure:4502: result: yes
configure:4370: checking for sys/types.h
configure:4375: result: yes
configure:4379: checking sys/uio.h usability
configure:4391: gcc -c -g -O2 -Wall  conftest.c >&5
configure:4397: $? = 0
configure:4401: test -z 
			 || test ! -s conftest.err
configure:4404: $? = 0
configure:4407: test -s conftest.o
configure:4410: $? = 0
configure:4420: result: yes
configure:4424: checking sys/uio.h presence
configure:4434: gcc -E  conftest.c
configure:4440: $? = 0
configure:4460: result: yes
configure:4495: checking for sys/uio.h
configure:4502: result: yes
configure:4379: checking sys/un.h usability
configure:4391: gcc -c -g -O2 -Wall  conftest.c >&5
configure:4397: $? = 0
configure:4401: test -z 
			 || test ! -s conftest.err
configure:4404: $? = 0
configure:4407: test -s conftest.o
configure:4410: $? = 0
configure:4420: result: yes
configure:4424: checking sys/un.h presence
configure:4434: gcc -E  conftest.c
configure:4440: $? = 0
configure:4460: result: yes
configure:4495: checking for sys/un.h
configure:4502: result: yes
configure:4379: checking sys/filio.h usability
configure:4391: gcc -c -g -O2 -Wall  conftest.c >&5
conftest.c:83:23: sys/filio.h: No such file or directory
configure:4397: $? = 1
configure: failed program was:
| /* confdefs.h.  */
| 
| #define PACKAGE_NAME "Spread"
| #define PACKAGE_TARNAME "spread"
| #define PACKAGE_VERSION "4.0.0"
| #define PACKAGE_STRING "Spread 4.0.0"
| #define PACKAGE_BUGREPORT ""
| #define HAVE_LIBPTHREAD 1
| #define HAVE_PTHREAD_ATFORK 1
| #define HAVE_LIBNSL 1
| #define HAVE_LIBM 1
| #define HAVE_STRFTIME 1
| #define STDC_HEADERS 1
| #define HAVE_SYS_TYPES_H 1
| #define HAVE_SYS_STAT_H 1
| #define HAVE_STDLIB_H 1
| #define HAVE_STRING_H 1
| #define HAVE_MEMORY_H 1
| #define HAVE_STRINGS_H 1
| #define HAVE_INTTYPES_H 1
| #define HAVE_STDINT_H 1
| #define HAVE_UNISTD_H 1
| #define HAVE_ARPA_INET_H 1
| #define HAVE_ASSERT_H 1
| #define HAVE_ERRNO_H 1
| #define HAVE_GRP_H 1
| #define HAVE_LIMITS_H 1
| #define HAVE_NETDB_H 1
| #define HAVE_NETINET_IN_H 1
| #define HAVE_NETINET_TCP_H 1
| #define HAVE_PTHREAD_H 1
| #define HAVE_PWD_H 1
| #define HAVE_SIGNAL_H 1
| #define HAVE_STDARG_H 1
| #define HAVE_STDINT_H 1
| #define HAVE_STDIO_H 1
| #define HAVE_STDLIB_H 1
| #define HAVE_STRING_H 1
| #define HAVE_SYS_IOCTL_H 1
| #define HAVE_SYS_PARAM_H 1
| #define HAVE_SYS_SOCKET_H 1
| #define HAVE_SYS_STAT_H 1
| #define HAVE_SYS_TIME_H 1
| #define HAVE_SYS_TIMEB_H 1
| #define HAVE_SYS_TYPES_H 1
| #define HAVE_SYS_UIO_H 1
| #define HAVE_SYS_UN_H 1
| /* end confdefs.h.  */
| #include <stdio.h>
| #if HAVE_SYS_TYPES_H
| # include <sys/types.h>
| #endif
| #if HAVE_SYS_STAT_H
| # include <sys/stat.h>
| #endif
| #if STDC_HEADERS
| # include <stdlib.h>
| # include <stddef.h>
| #else
| # if HAVE_STDLIB_H
| #  include <stdlib.h>
| # endif
| #endif
| #if HAVE_STRING_H
| # if !STDC_HEADERS && HAVE_MEMORY_H
| #  include <memory.h>
| # endif
| # include <string.h>
| #endif
| #if HAVE_STRINGS_H
| # include <strings.h>
| #endif
| #if HAVE_INTTYPES_H
| # include <inttypes.h>
| #else
| # if HAVE_STDINT_H
| #  include <stdint.h>
| # endif
| #endif
| #if HAVE_UNISTD_H
| # include <unistd.h>
| #endif
| #include <sys/filio.h>
configure:4420: result: no
configure:4424: checking sys/filio.h presence
configure:4434: gcc -E  conftest.c
conftest.c:49:23: sys/filio.h: No such file or directory
configure:4440: $? = 1
configure: failed program was:
| /* confdefs.h.  */
| 
| #define PACKAGE_NAME "Spread"
| #define PACKAGE_TARNAME "spread"
| #define PACKAGE_VERSION "4.0.0"
| #define PACKAGE_STRING "Spread 4.0.0"
| #define PACKAGE_BUGREPORT ""
| #define HAVE_LIBPTHREAD 1
| #define HAVE_PTHREAD_ATFORK 1
| #define HAVE_LIBNSL 1
| #define HAVE_LIBM 1
| #define HAVE_STRFTIME 1
| #define STDC_HEADERS 1
| #define HAVE_SYS_TYPES_H 1
| #define HAVE_SYS_STAT_H 1
| #define HAVE_STDLIB_H 1
| #define HAVE_STRING_H 1
| #define HAVE_MEMORY_H 1
| #define HAVE_STRINGS_H 1
| #define HAVE_INTTYPES_H 1
| #define HAVE_STDINT_H 1
| #define HAVE_UNISTD_H 1
| #define HAVE_ARPA_INET_H 1
| #define HAVE_ASSERT_H 1
| #define HAVE_ERRNO_H 1
| #define HAVE_GRP_H 1
| #define HAVE_LIMITS_H 1
| #define HAVE_NETDB_H 1
| #define HAVE_NETINET_IN_H 1
| #define HAVE_NETINET_TCP_H 1
| #define HAVE_PTHREAD_H 1
| #define HAVE_PWD_H 1
| #define HAVE_SIGNAL_H 1
| #define HAVE_STDARG_H 1
| #define HAVE_STDINT_H 1
| #define HAVE_STDIO_H 1
| #define HAVE_STDLIB_H 1
| #define HAVE_STRING_H 1
| #define HAVE_SYS_IOCTL_H 1
| #define HAVE_SYS_PARAM_H 1
| #define HAVE_SYS_SOCKET_H 1
| #define HAVE_SYS_STAT_H 1
| #define HAVE_SYS_TIME_H 1
| #define HAVE_SYS_TIMEB_H 1
| #define HAVE_SYS_TYPES_H 1
| #define HAVE_SYS_UIO_H 1
| #define HAVE_SYS_UN_H 1
| /* end confdefs.h.  */
| #include <sys/filio.h>
configure:4460: result: no
configure:4495: checking for sys/filio.h
configure:4502: result: no
configure:4379: checking time.h usability
configure:4391: gcc -c -g -O2 -Wall  conftest.c >&5
configure:4397: $? = 0
configure:4401: test -z 
			 || test ! -s conftest.err
configure:4404: $? = 0
configure:4407: test -s conftest.o
configure:4410: $? = 0
configure:4420: result: yes
configure:4424: checking time.h presence
configure:4434: gcc -E  conftest.c
configure:4440: $? = 0
configure:4460: result: yes
configure:4495: checking for time.h
configure:4502: result: yes
configure:4370: checking for unistd.h
configure:4375: result: yes
configure:4379: checking windows.h usability
configure:4391: gcc -c -g -O2 -Wall  conftest.c >&5
conftest.c:85:21: windows.h: No such file or directory
configure:4397: $? = 1
configure: failed program was:
| /* confdefs.h.  */
| 
| #define PACKAGE_NAME "Spread"
| #define PACKAGE_TARNAME "spread"
| #define PACKAGE_VERSION "4.0.0"
| #define PACKAGE_STRING "Spread 4.0.0"
| #define PACKAGE_BUGREPORT ""
| #define HAVE_LIBPTHREAD 1
| #define HAVE_PTHREAD_ATFORK 1
| #define HAVE_LIBNSL 1
| #define HAVE_LIBM 1
| #define HAVE_STRFTIME 1
| #define STDC_HEADERS 1
| #define HAVE_SYS_TYPES_H 1
| #define HAVE_SYS_STAT_H 1
| #define HAVE_STDLIB_H 1
| #define HAVE_STRING_H 1
| #define HAVE_MEMORY_H 1
| #define HAVE_STRINGS_H 1
| #define HAVE_INTTYPES_H 1
| #define HAVE_STDINT_H 1
| #define HAVE_UNISTD_H 1
| #define HAVE_ARPA_INET_H 1
| #define HAVE_ASSERT_H 1
| #define HAVE_ERRNO_H 1
| #define HAVE_GRP_H 1
| #define HAVE_LIMITS_H 1
| #define HAVE_NETDB_H 1
| #define HAVE_NETINET_IN_H 1
| #define HAVE_NETINET_TCP_H 1
| #define HAVE_PTHREAD_H 1
| #define HAVE_PWD_H 1
| #define HAVE_SIGNAL_H 1
| #define HAVE_STDARG_H 1
| #define HAVE_STDINT_H 1
| #define HAVE_STDIO_H 1
| #define HAVE_STDLIB_H 1
| #define HAVE_STRING_H 1
| #define HAVE_SYS_IOCTL_H 1
| #define HAVE_SYS_PARAM_H 1
| #define HAVE_SYS_SOCKET_H 1
| #define HAVE_SYS_STAT_H 1
| #define HAVE_SYS_TIME_H 1
| #define HAVE_SYS_TIMEB_H 1
| #define HAVE_SYS_TYPES_H 1
| #define HAVE_SYS_UIO_H 1
| #define HAVE_SYS_UN_H 1
| #define HAVE_TIME_H 1
| #define HAVE_UNISTD_H 1
| /* end confdefs.h.  */
| #include <stdio.h>
| #if HAVE_SYS_TYPES_H
| # include <sys/types.h>
| #endif
| #if HAVE_SYS_STAT_H
| # include <sys/stat.h>
| #endif
| #if STDC_HEADERS
| # include <stdlib.h>
| # include <stddef.h>
| #else
| # if HAVE_STDLIB_H
| #  include <stdlib.h>
| # endif
| #endif
| #if HAVE_STRING_H
| # if !STDC_HEADERS && HAVE_MEMORY_H
| #  include <memory.h>
| # endif
| # include <string.h>
| #endif
| #if HAVE_STRINGS_H
| # include <strings.h>
| #endif
| #if HAVE_INTTYPES_H
| # include <inttypes.h>
| #else
| # if HAVE_STDINT_H
| #  include <stdint.h>
| # endif
| #endif
| #if HAVE_UNISTD_H
| # include <unistd.h>
| #endif
| #include <windows.h>
configure:4420: result: no
configure:4424: checking windows.h presence
configure:4434: gcc -E  conftest.c
conftest.c:51:21: windows.h: No such file or directory
configure:4440: $? = 1
configure: failed program was:
| /* confdefs.h.  */
| 
| #define PACKAGE_NAME "Spread"
| #define PACKAGE_TARNAME "spread"
| #define PACKAGE_VERSION "4.0.0"
| #define PACKAGE_STRING "Spread 4.0.0"
| #define PACKAGE_BUGREPORT ""
| #define HAVE_LIBPTHREAD 1
| #define HAVE_PTHREAD_ATFORK 1
| #define HAVE_LIBNSL 1
| #define HAVE_LIBM 1
| #define HAVE_STRFTIME 1
| #define STDC_HEADERS 1
| #define HAVE_SYS_TYPES_H 1
| #define HAVE_SYS_STAT_H 1
| #define HAVE_STDLIB_H 1
| #define HAVE_STRING_H 1
| #define HAVE_MEMORY_H 1
| #define HAVE_STRINGS_H 1
| #define HAVE_INTTYPES_H 1
| #define HAVE_STDINT_H 1
| #define HAVE_UNISTD_H 1
| #define HAVE_ARPA_INET_H 1
| #define HAVE_ASSERT_H 1
| #define HAVE_ERRNO_H 1
| #define HAVE_GRP_H 1
| #define HAVE_LIMITS_H 1
| #define HAVE_NETDB_H 1
| #define HAVE_NETINET_IN_H 1
| #define HAVE_NETINET_TCP_H 1
| #define HAVE_PTHREAD_H 1
| #define HAVE_PWD_H 1
| #define HAVE_SIGNAL_H 1
| #define HAVE_STDARG_H 1
| #define HAVE_STDINT_H 1
| #define HAVE_STDIO_H 1
| #define HAVE_STDLIB_H 1
| #define HAVE_STRING_H 1
| #define HAVE_SYS_IOCTL_H 1
| #define HAVE_SYS_PARAM_H 1
| #define HAVE_SYS_SOCKET_H 1
| #define HAVE_SYS_STAT_H 1
| #define HAVE_SYS_TIME_H 1
| #define HAVE_SYS_TIMEB_H 1
| #define HAVE_SYS_TYPES_H 1
| #define HAVE_SYS_UIO_H 1
| #define HAVE_SYS_UN_H 1
| #define HAVE_TIME_H 1
| #define HAVE_UNISTD_H 1
| /* end confdefs.h.  */
| #include <windows.h>
configure:4460: result: no
configure:4495: checking for windows.h
configure:4502: result: no
configure:4379: checking winsock.h usability
configure:4391: gcc -c -g -O2 -Wall  conftest.c >&5
conftest.c:85:21: winsock.h: No such file or directory
configure:4397: $? = 1
configure: failed program was:
| /* confdefs.h.  */
| 
| #define PACKAGE_NAME "Spread"
| #define PACKAGE_TARNAME "spread"
| #define PACKAGE_VERSION "4.0.0"
| #define PACKAGE_STRING "Spread 4.0.0"
| #define PACKAGE_BUGREPORT ""
| #define HAVE_LIBPTHREAD 1
| #define HAVE_PTHREAD_ATFORK 1
| #define HAVE_LIBNSL 1
| #define HAVE_LIBM 1
| #define HAVE_STRFTIME 1
| #define STDC_HEADERS 1
| #define HAVE_SYS_TYPES_H 1
| #define HAVE_SYS_STAT_H 1
| #define HAVE_STDLIB_H 1
| #define HAVE_STRING_H 1
| #define HAVE_MEMORY_H 1
| #define HAVE_STRINGS_H 1
| #define HAVE_INTTYPES_H 1
| #define HAVE_STDINT_H 1
| #define HAVE_UNISTD_H 1
| #define HAVE_ARPA_INET_H 1
| #define HAVE_ASSERT_H 1
| #define HAVE_ERRNO_H 1
| #define HAVE_GRP_H 1
| #define HAVE_LIMITS_H 1
| #define HAVE_NETDB_H 1
| #define HAVE_NETINET_IN_H 1
| #define HAVE_NETINET_TCP_H 1
| #define HAVE_PTHREAD_H 1
| #define HAVE_PWD_H 1
| #define HAVE_SIGNAL_H 1
| #define HAVE_STDARG_H 1
| #define HAVE_STDINT_H 1
| #define HAVE_STDIO_H 1
| #define HAVE_STDLIB_H 1
| #define HAVE_STRING_H 1
| #define HAVE_SYS_IOCTL_H 1
| #define HAVE_SYS_PARAM_H 1
| #define HAVE_SYS_SOCKET_H 1
| #define HAVE_SYS_STAT_H 1
| #define HAVE_SYS_TIME_H 1
| #define HAVE_SYS_TIMEB_H 1
| #define HAVE_SYS_TYPES_H 1
| #define HAVE_SYS_UIO_H 1
| #define HAVE_SYS_UN_H 1
| #define HAVE_TIME_H 1
| #define HAVE_UNISTD_H 1
| /* end confdefs.h.  */
| #include <stdio.h>
| #if HAVE_SYS_TYPES_H
| # include <sys/types.h>
| #endif
| #if HAVE_SYS_STAT_H
| # include <sys/stat.h>
| #endif
| #if STDC_HEADERS
| # include <stdlib.h>
| # include <stddef.h>
| #else
| # if HAVE_STDLIB_H
| #  include <stdlib.h>
| # endif
| #endif
| #if HAVE_STRING_H
| # if !STDC_HEADERS && HAVE_MEMORY_H
| #  include <memory.h>
| # endif
| # include <string.h>
| #endif
| #if HAVE_STRINGS_H
| # include <strings.h>
| #endif
| #if HAVE_INTTYPES_H
| # include <inttypes.h>
| #else
| # if HAVE_STDINT_H
| #  include <stdint.h>
| # endif
| #endif
| #if HAVE_UNISTD_H
| # include <unistd.h>
| #endif
| #include <winsock.h>
configure:4420: result: no
configure:4424: checking winsock.h presence
configure:4434: gcc -E  conftest.c
conftest.c:51:21: winsock.h: No such file or directory
configure:4440: $? = 1
configure: failed program was:
| /* confdefs.h.  */
| 
| #define PACKAGE_NAME "Spread"
| #define PACKAGE_TARNAME "spread"
| #define PACKAGE_VERSION "4.0.0"
| #define PACKAGE_STRING "Spread 4.0.0"
| #define PACKAGE_BUGREPORT ""
| #define HAVE_LIBPTHREAD 1
| #define HAVE_PTHREAD_ATFORK 1
| #define HAVE_LIBNSL 1
| #define HAVE_LIBM 1
| #define HAVE_STRFTIME 1
| #define STDC_HEADERS 1
| #define HAVE_SYS_TYPES_H 1
| #define HAVE_SYS_STAT_H 1
| #define HAVE_STDLIB_H 1
| #define HAVE_STRING_H 1
| #define HAVE_MEMORY_H 1
| #define HAVE_STRINGS_H 1
| #define HAVE_INTTYPES_H 1
| #define HAVE_STDINT_H 1
| #define HAVE_UNISTD_H 1
| #define HAVE_ARPA_INET_H 1
| #define HAVE_ASSERT_H 1
| #define HAVE_ERRNO_H 1
| #define HAVE_GRP_H 1
| #define HAVE_LIMITS_H 1
| #define HAVE_NETDB_H 1
| #define HAVE_NETINET_IN_H 1
| #define HAVE_NETINET_TCP_H 1
| #define HAVE_PTHREAD_H 1
| #define HAVE_PWD_H 1
| #define HAVE_SIGNAL_H 1
| #define HAVE_STDARG_H 1
| #define HAVE_STDINT_H 1
| #define HAVE_STDIO_H 1
| #define HAVE_STDLIB_H 1
| #define HAVE_STRING_H 1
| #define HAVE_SYS_IOCTL_H 1
| #define HAVE_SYS_PARAM_H 1
| #define HAVE_SYS_SOCKET_H 1
| #define HAVE_SYS_STAT_H 1
| #define HAVE_SYS_TIME_H 1
| #define HAVE_SYS_TIMEB_H 1
| #define HAVE_SYS_TYPES_H 1
| #define HAVE_SYS_UIO_H 1
| #define HAVE_SYS_UN_H 1
| #define HAVE_TIME_H 1
| #define HAVE_UNISTD_H 1
| /* end confdefs.h.  */
| #include <winsock.h>
configure:4460: result: no
configure:4495: checking for winsock.h
configure:4502: result: no
configure:4528: checking for bcopy
configure:4585: gcc -o conftest -g -O2 -Wall   conftest.c -lm -lnsl  >&5
conftest.c:75: warning: conflicting types for built-in function 'bcopy'
configure:4591: $? = 0
configure:4595: test -z 
			 || test ! -s conftest.err
configure:4598: $? = 0
configure:4601: test -s conftest
configure:4604: $? = 0
configure:4616: result: yes
configure:4528: checking for inet_aton
configure:4585: gcc -o conftest -g -O2 -Wall   conftest.c -lm -lnsl  >&5
configure:4591: $? = 0
configure:4595: test -z 
			 || test ! -s conftest.err
configure:4598: $? = 0
configure:4601: test -s conftest
configure:4604: $? = 0
configure:4616: result: yes
configure:4528: checking for inet_ntoa
configure:4585: gcc -o conftest -g -O2 -Wall   conftest.c -lm -lnsl  >&5
configure:4591: $? = 0
configure:4595: test -z 
			 || test ! -s conftest.err
configure:4598: $? = 0
configure:4601: test -s conftest
configure:4604: $? = 0
configure:4616: result: yes
configure:4528: checking for inet_ntop
configure:4585: gcc -o conftest -g -O2 -Wall   conftest.c -lm -lnsl  >&5
configure:4591: $? = 0
configure:4595: test -z 
			 || test ! -s conftest.err
configure:4598: $? = 0
configure:4601: test -s conftest
configure:4604: $? = 0
configure:4616: result: yes
configure:4528: checking for memmove
configure:4585: gcc -o conftest -g -O2 -Wall   conftest.c -lm -lnsl  >&5
conftest.c:79: warning: conflicting types for built-in function 'memmove'
configure:4591: $? = 0
configure:4595: test -z 
			 || test ! -s conftest.err
configure:4598: $? = 0
configure:4601: test -s conftest
configure:4604: $? = 0
configure:4616: result: yes
configure:4528: checking for setsid
configure:4585: gcc -o conftest -g -O2 -Wall   conftest.c -lm -lnsl  >&5
configure:4591: $? = 0
configure:4595: test -z 
			 || test ! -s conftest.err
configure:4598: $? = 0
configure:4601: test -s conftest
configure:4604: $? = 0
configure:4616: result: yes
configure:4528: checking for snprintf
configure:4585: gcc -o conftest -g -O2 -Wall   conftest.c -lm -lnsl  >&5
conftest.c:81: warning: conflicting types for built-in function 'snprintf'
configure:4591: $? = 0
configure:4595: test -z 
			 || test ! -s conftest.err
configure:4598: $? = 0
configure:4601: test -s conftest
configure:4604: $? = 0
configure:4616: result: yes
configure:4528: checking for strerror
configure:4585: gcc -o conftest -g -O2 -Wall   conftest.c -lm -lnsl  >&5
configure:4591: $? = 0
configure:4595: test -z 
			 || test ! -s conftest.err
configure:4598: $? = 0
configure:4601: test -s conftest
configure:4604: $? = 0
configure:4616: result: yes
configure:4528: checking for lrand48
configure:4585: gcc -o conftest -g -O2 -Wall   conftest.c -lm -lnsl  >&5
configure:4591: $? = 0
configure:4595: test -z 
			 || test ! -s conftest.err
configure:4598: $? = 0
configure:4601: test -s conftest
configure:4604: $? = 0
configure:4616: result: yes
configure:4631: checking for gettimeofday
configure:4688: gcc -o conftest -g -O2 -Wall   conftest.c -lm -lnsl  >&5
configure:4694: $? = 0
configure:4698: test -z 
			 || test ! -s conftest.err
configure:4701: $? = 0
configure:4704: test -s conftest
configure:4707: $? = 0
configure:4719: result: yes
configure:4631: checking for time
configure:4688: gcc -o conftest -g -O2 -Wall   conftest.c -lm -lnsl  >&5
configure:4694: $? = 0
configure:4698: test -z 
			 || test ! -s conftest.err
configure:4701: $? = 0
configure:4704: test -s conftest
configure:4707: $? = 0
configure:4719: result: yes
configure:4732: checking whether snprintf correctly terminates long strings
configure:4753: gcc -o conftest -g -O2 -Wall   conftest.c -lm -lnsl  >&5
configure:4756: $? = 0
configure:4758: ./conftest
configure:4761: $? = 0
configure:4763: result: yes
configure:4793: checking for char
configure:4817: gcc -c -g -O2 -Wall  conftest.c >&5
configure:4823: $? = 0
configure:4827: test -z 
			 || test ! -s conftest.err
configure:4830: $? = 0
configure:4833: test -s conftest.o
configure:4836: $? = 0
configure:4847: result: yes
configure:4850: checking size of char
configure:5169: gcc -o conftest -g -O2 -Wall   conftest.c -lm -lnsl  >&5
configure:5172: $? = 0
configure:5174: ./conftest
configure:5177: $? = 0
configure:5200: result: 1
configure:5207: checking for short int
configure:5231: gcc -c -g -O2 -Wall  conftest.c >&5
configure:5237: $? = 0
configure:5241: test -z 
			 || test ! -s conftest.err
configure:5244: $? = 0
configure:5247: test -s conftest.o
configure:5250: $? = 0
configure:5261: result: yes
configure:5264: checking size of short int
configure:5583: gcc -o conftest -g -O2 -Wall   conftest.c -lm -lnsl  >&5
configure:5586: $? = 0
configure:5588: ./conftest
configure:5591: $? = 0
configure:5614: result: 2
configure:5621: checking for int
configure:5645: gcc -c -g -O2 -Wall  conftest.c >&5
configure:5651: $? = 0
configure:5655: test -z 
			 || test ! -s conftest.err
configure:5658: $? = 0
configure:5661: test -s conftest.o
configure:5664: $? = 0
configure:5675: result: yes
configure:5678: checking size of int
configure:5997: gcc -o conftest -g -O2 -Wall   conftest.c -lm -lnsl  >&5
configure:6000: $? = 0
configure:6002: ./conftest
configure:6005: $? = 0
configure:6028: result: 4
configure:6035: checking for long int
configure:6059: gcc -c -g -O2 -Wall  conftest.c >&5
configure:6065: $? = 0
configure:6069: test -z 
			 || test ! -s conftest.err
configure:6072: $? = 0
configure:6075: test -s conftest.o
configure:6078: $? = 0
configure:6089: result: yes
configure:6092: checking size of long int
configure:6411: gcc -o conftest -g -O2 -Wall   conftest.c -lm -lnsl  >&5
configure:6414: $? = 0
configure:6416: ./conftest
configure:6419: $? = 0
configure:6442: result: 4
configure:6449: checking for long long int
configure:6473: gcc -c -g -O2 -Wall  conftest.c >&5
configure:6479: $? = 0
configure:6483: test -z 
			 || test ! -s conftest.err
configure:6486: $? = 0
configure:6489: test -s conftest.o
configure:6492: $? = 0
configure:6503: result: yes
configure:6506: checking size of long long int
configure:6825: gcc -o conftest -g -O2 -Wall   conftest.c -lm -lnsl  >&5
configure:6828: $? = 0
configure:6830: ./conftest
configure:6833: $? = 0
configure:6856: result: 8
configure:6865: checking for windows arch
configure:6887: gcc -c -g -O2 -Wall  conftest.c >&5
conftest.c:67:22: process.h: No such file or directory
conftest.c: In function `main':
conftest.c:71: error: `CRITICAL_SECTION' undeclared (first use in this function)
conftest.c:71: error: (Each undeclared identifier is reported only once
conftest.c:71: error: for each function it appears in.)
conftest.c:71: error: syntax error before "mutex"
conftest.c:71: warning: implicit declaration of function `InitializeCriticalSection'
conftest.c:71: error: `mutex' undeclared (first use in this function)
configure:6893: $? = 1
configure: failed program was:
| /* confdefs.h.  */
| 
| #define PACKAGE_NAME "Spread"
| #define PACKAGE_TARNAME "spread"
| #define PACKAGE_VERSION "4.0.0"
| #define PACKAGE_STRING "Spread 4.0.0"
| #define PACKAGE_BUGREPORT ""
| #define HAVE_LIBPTHREAD 1
| #define HAVE_PTHREAD_ATFORK 1
| #define HAVE_LIBNSL 1
| #define HAVE_LIBM 1
| #define HAVE_STRFTIME 1
| #define STDC_HEADERS 1
| #define HAVE_SYS_TYPES_H 1
| #define HAVE_SYS_STAT_H 1
| #define HAVE_STDLIB_H 1
| #define HAVE_STRING_H 1
| #define HAVE_MEMORY_H 1
| #define HAVE_STRINGS_H 1
| #define HAVE_INTTYPES_H 1
| #define HAVE_STDINT_H 1
| #define HAVE_UNISTD_H 1
| #define HAVE_ARPA_INET_H 1
| #define HAVE_ASSERT_H 1
| #define HAVE_ERRNO_H 1
| #define HAVE_GRP_H 1
| #define HAVE_LIMITS_H 1
| #define HAVE_NETDB_H 1
| #define HAVE_NETINET_IN_H 1
| #define HAVE_NETINET_TCP_H 1
| #define HAVE_PTHREAD_H 1
| #define HAVE_PWD_H 1
| #define HAVE_SIGNAL_H 1
| #define HAVE_STDARG_H 1
| #define HAVE_STDINT_H 1
| #define HAVE_STDIO_H 1
| #define HAVE_STDLIB_H 1
| #define HAVE_STRING_H 1
| #define HAVE_SYS_IOCTL_H 1
| #define HAVE_SYS_PARAM_H 1
| #define HAVE_SYS_SOCKET_H 1
| #define HAVE_SYS_STAT_H 1
| #define HAVE_SYS_TIME_H 1
| #define HAVE_SYS_TIMEB_H 1
| #define HAVE_SYS_TYPES_H 1
| #define HAVE_SYS_UIO_H 1
| #define HAVE_SYS_UN_H 1
| #define HAVE_TIME_H 1
| #define HAVE_UNISTD_H 1
| #define HAVE_BCOPY 1
| #define HAVE_INET_ATON 1
| #define HAVE_INET_NTOA 1
| #define HAVE_INET_NTOP 1
| #define HAVE_MEMMOVE 1
| #define HAVE_SETSID 1
| #define HAVE_SNPRINTF 1
| #define HAVE_STRERROR 1
| #define HAVE_LRAND48 1
| #define HAVE_GETTIMEOFDAY 1
| #define HAVE_TIME 1
| #define SIZEOF_CHAR 1
| #define SIZEOF_SHORT_INT 2
| #define SIZEOF_INT 4
| #define SIZEOF_LONG_INT 4
| #define SIZEOF_LONG_LONG_INT 8
| /* end confdefs.h.  */
|  #include <process.h>
| int
| main ()
| {
|  CRITICAL_SECTION mutex; InitializeCriticalSection(mutex);
|   ;
|   return 0;
| }
configure:6919: result: no
configure:6928: checking for struct timezone type
configure:6952: gcc -c -g -O2 -Wall  conftest.c >&5
conftest.c: In function `main':
conftest.c:73: warning: unused variable `opt'
configure:6958: $? = 0
configure:6962: test -z 
			 || test ! -s conftest.err
configure:6965: $? = 0
configure:6968: test -s conftest.o
configure:6971: $? = 0
configure:6984: result: yes
configure:6993: checking for struct sockopt_len_t type
configure:7016: gcc -c -g -O2 -Wall  conftest.c >&5
conftest.c: In function `main':
conftest.c:73: error: syntax error before "opt"
conftest.c:73: error: `opt' undeclared (first use in this function)
conftest.c:73: error: (Each undeclared identifier is reported only once
conftest.c:73: error: for each function it appears in.)
configure:7022: $? = 1
configure: failed program was:
| /* confdefs.h.  */
| 
| #define PACKAGE_NAME "Spread"
| #define PACKAGE_TARNAME "spread"
| #define PACKAGE_VERSION "4.0.0"
| #define PACKAGE_STRING "Spread 4.0.0"
| #define PACKAGE_BUGREPORT ""
| #define HAVE_LIBPTHREAD 1
| #define HAVE_PTHREAD_ATFORK 1
| #define HAVE_LIBNSL 1
| #define HAVE_LIBM 1
| #define HAVE_STRFTIME 1
| #define STDC_HEADERS 1
| #define HAVE_SYS_TYPES_H 1
| #define HAVE_SYS_STAT_H 1
| #define HAVE_STDLIB_H 1
| #define HAVE_STRING_H 1
| #define HAVE_MEMORY_H 1
| #define HAVE_STRINGS_H 1
| #define HAVE_INTTYPES_H 1
| #define HAVE_STDINT_H 1
| #define HAVE_UNISTD_H 1
| #define HAVE_ARPA_INET_H 1
| #define HAVE_ASSERT_H 1
| #define HAVE_ERRNO_H 1
| #define HAVE_GRP_H 1
| #define HAVE_LIMITS_H 1
| #define HAVE_NETDB_H 1
| #define HAVE_NETINET_IN_H 1
| #define HAVE_NETINET_TCP_H 1
| #define HAVE_PTHREAD_H 1
| #define HAVE_PWD_H 1
| #define HAVE_SIGNAL_H 1
| #define HAVE_STDARG_H 1
| #define HAVE_STDINT_H 1
| #define HAVE_STDIO_H 1
| #define HAVE_STDLIB_H 1
| #define HAVE_STRING_H 1
| #define HAVE_SYS_IOCTL_H 1
| #define HAVE_SYS_PARAM_H 1
| #define HAVE_SYS_SOCKET_H 1
| #define HAVE_SYS_STAT_H 1
| #define HAVE_SYS_TIME_H 1
| #define HAVE_SYS_TIMEB_H 1
| #define HAVE_SYS_TYPES_H 1
| #define HAVE_SYS_UIO_H 1
| #define HAVE_SYS_UN_H 1
| #define HAVE_TIME_H 1
| #define HAVE_UNISTD_H 1
| #define HAVE_BCOPY 1
| #define HAVE_INET_ATON 1
| #define HAVE_INET_NTOA 1
| #define HAVE_INET_NTOP 1
| #define HAVE_MEMMOVE 1
| #define HAVE_SETSID 1
| #define HAVE_SNPRINTF 1
| #define HAVE_STRERROR 1
| #define HAVE_LRAND48 1
| #define HAVE_GETTIMEOFDAY 1
| #define HAVE_TIME 1
| #define SIZEOF_CHAR 1
| #define SIZEOF_SHORT_INT 2
| #define SIZEOF_INT 4
| #define SIZEOF_LONG_INT 4
| #define SIZEOF_LONG_LONG_INT 8
| #define HAVE_STRUCT_TIMEZONE 1
| /* end confdefs.h.  */
|  #include <sys/types.h>
| 		  #include <sys/socket.h>
| int
| main ()
| {
|  static sockopt_len_t opt; opt=0;
|   ;
|   return 0;
| }
configure:7048: result: no
configure:7057: checking for struct msghdr type
configure:7080: gcc -c -g -O2 -Wall  conftest.c >&5
configure:7086: $? = 0
configure:7090: test -z 
			 || test ! -s conftest.err
configure:7093: $? = 0
configure:7096: test -s conftest.o
configure:7099: $? = 0
configure:7112: result: yes
configure:7121: checking for struct msghdr accrights
configure:7144: gcc -c -g -O2 -Wall  conftest.c >&5
conftest.c: In function `main':
conftest.c:73: error: structure has no member named `msg_accrightslen'
configure:7150: $? = 1
configure: failed program was:
| /* confdefs.h.  */
| 
| #define PACKAGE_NAME "Spread"
| #define PACKAGE_TARNAME "spread"
| #define PACKAGE_VERSION "4.0.0"
| #define PACKAGE_STRING "Spread 4.0.0"
| #define PACKAGE_BUGREPORT ""
| #define HAVE_LIBPTHREAD 1
| #define HAVE_PTHREAD_ATFORK 1
| #define HAVE_LIBNSL 1
| #define HAVE_LIBM 1
| #define HAVE_STRFTIME 1
| #define STDC_HEADERS 1
| #define HAVE_SYS_TYPES_H 1
| #define HAVE_SYS_STAT_H 1
| #define HAVE_STDLIB_H 1
| #define HAVE_STRING_H 1
| #define HAVE_MEMORY_H 1
| #define HAVE_STRINGS_H 1
| #define HAVE_INTTYPES_H 1
| #define HAVE_STDINT_H 1
| #define HAVE_UNISTD_H 1
| #define HAVE_ARPA_INET_H 1
| #define HAVE_ASSERT_H 1
| #define HAVE_ERRNO_H 1
| #define HAVE_GRP_H 1
| #define HAVE_LIMITS_H 1
| #define HAVE_NETDB_H 1
| #define HAVE_NETINET_IN_H 1
| #define HAVE_NETINET_TCP_H 1
| #define HAVE_PTHREAD_H 1
| #define HAVE_PWD_H 1
| #define HAVE_SIGNAL_H 1
| #define HAVE_STDARG_H 1
| #define HAVE_STDINT_H 1
| #define HAVE_STDIO_H 1
| #define HAVE_STDLIB_H 1
| #define HAVE_STRING_H 1
| #define HAVE_SYS_IOCTL_H 1
| #define HAVE_SYS_PARAM_H 1
| #define HAVE_SYS_SOCKET_H 1
| #define HAVE_SYS_STAT_H 1
| #define HAVE_SYS_TIME_H 1
| #define HAVE_SYS_TIMEB_H 1
| #define HAVE_SYS_TYPES_H 1
| #define HAVE_SYS_UIO_H 1
| #define HAVE_SYS_UN_H 1
| #define HAVE_TIME_H 1
| #define HAVE_UNISTD_H 1
| #define HAVE_BCOPY 1
| #define HAVE_INET_ATON 1
| #define HAVE_INET_NTOA 1
| #define HAVE_INET_NTOP 1
| #define HAVE_MEMMOVE 1
| #define HAVE_SETSID 1
| #define HAVE_SNPRINTF 1
| #define HAVE_STRERROR 1
| #define HAVE_LRAND48 1
| #define HAVE_GETTIMEOFDAY 1
| #define HAVE_TIME 1
| #define SIZEOF_CHAR 1
| #define SIZEOF_SHORT_INT 2
| #define SIZEOF_INT 4
| #define SIZEOF_LONG_INT 4
| #define SIZEOF_LONG_LONG_INT 8
| #define HAVE_STRUCT_TIMEZONE 1
| /* end confdefs.h.  */
|  #include <sys/types.h>
| 		  #include <sys/socket.h>
| int
| main ()
| {
|  static  struct  msghdr msg; msg.msg_accrightslen = 0;
|   ;
|   return 0;
| }
configure:7176: result: no
configure:7186: checking for struct msghdr control
configure:7209: gcc -c -g -O2 -Wall  conftest.c >&5
configure:7215: $? = 0
configure:7219: test -z 
			 || test ! -s conftest.err
configure:7222: $? = 0
configure:7225: test -s conftest.o
configure:7228: $? = 0
configure:7241: result: yes
configure:7258: checking for u_int type
configure:7280: gcc -c -g -O2 -Wall  conftest.c >&5
configure:7286: $? = 0
configure:7290: test -z 
			 || test ! -s conftest.err
configure:7293: $? = 0
configure:7296: test -s conftest.o
configure:7299: $? = 0
configure:7312: result: yes
configure:7322: checking for intXX_t types
configure:7344: gcc -c -g -O2 -Wall  conftest.c >&5
configure:7350: $? = 0
configure:7354: test -z 
			 || test ! -s conftest.err
configure:7357: $? = 0
configure:7360: test -s conftest.o
configure:7363: $? = 0
configure:7376: result: yes
configure:7386: checking for int64_t type
configure:7408: gcc -c -g -O2 -Wall  conftest.c >&5
configure:7414: $? = 0
configure:7418: test -z 
			 || test ! -s conftest.err
configure:7421: $? = 0
configure:7424: test -s conftest.o
configure:7427: $? = 0
configure:7440: result: yes
configure:7450: checking for u_intXX_t types
configure:7472: gcc -c -g -O2 -Wall  conftest.c >&5
configure:7478: $? = 0
configure:7482: test -z 
			 || test ! -s conftest.err
configure:7485: $? = 0
configure:7488: test -s conftest.o
configure:7491: $? = 0
configure:7504: result: yes
configure:7514: checking for u_int64_t types
configure:7536: gcc -c -g -O2 -Wall  conftest.c >&5
configure:7542: $? = 0
configure:7546: test -z 
			 || test ! -s conftest.err
configure:7549: $? = 0
configure:7552: test -s conftest.o
configure:7555: $? = 0
configure:7568: result: yes
configure:7716: checking for socklen_t
configure:7741: gcc -c -g -O2 -Wall  conftest.c >&5
configure:7747: $? = 0
configure:7751: test -z 
			 || test ! -s conftest.err
configure:7754: $? = 0
configure:7757: test -s conftest.o
configure:7760: $? = 0
configure:7773: result: yes
configure:7782: checking for size_t
configure:7806: gcc -c -g -O2 -Wall  conftest.c >&5
configure:7812: $? = 0
configure:7816: test -z 
			 || test ! -s conftest.err
configure:7819: $? = 0
configure:7822: test -s conftest.o
configure:7825: $? = 0
configure:7838: result: yes
configure:7847: checking for ssize_t
configure:7871: gcc -c -g -O2 -Wall  conftest.c >&5
configure:7877: $? = 0
configure:7881: test -z 
			 || test ! -s conftest.err
configure:7884: $? = 0
configure:7887: test -s conftest.o
configure:7890: $? = 0
configure:7903: result: yes
configure:7912: checking for clock_t
configure:7936: gcc -c -g -O2 -Wall  conftest.c >&5
configure:7942: $? = 0
configure:7946: test -z 
			 || test ! -s conftest.err
configure:7949: $? = 0
configure:7952: test -s conftest.o
configure:7955: $? = 0
configure:7968: result: yes
configure:7977: checking for sa_family_t
configure:8002: gcc -c -g -O2 -Wall  conftest.c >&5
configure:8008: $? = 0
configure:8012: test -z 
			 || test ! -s conftest.err
configure:8015: $? = 0
configure:8018: test -s conftest.o
configure:8021: $? = 0
configure:8083: result: yes
configure:8093: checking for struct sockaddr_storage
configure:8118: gcc -c -g -O2 -Wall  conftest.c >&5
conftest.c: In function `main':
conftest.c:86: warning: unused variable `s'
configure:8124: $? = 0
configure:8128: test -z 
			 || test ! -s conftest.err
configure:8131: $? = 0
configure:8134: test -s conftest.o
configure:8137: $? = 0
configure:8150: result: yes
configure:8159: checking for struct sockaddr_in6
configure:8184: gcc -c -g -O2 -Wall  conftest.c >&5
configure:8190: $? = 0
configure:8194: test -z 
			 || test ! -s conftest.err
configure:8197: $? = 0
configure:8200: test -s conftest.o
configure:8203: $? = 0
configure:8216: result: yes
configure:8225: checking for struct in6_addr
configure:8250: gcc -c -g -O2 -Wall  conftest.c >&5
configure:8256: $? = 0
configure:8260: test -z 
			 || test ! -s conftest.err
configure:8263: $? = 0
configure:8266: test -s conftest.o
configure:8269: $? = 0
configure:8282: result: yes
configure:8291: checking for struct addrinfo
configure:8317: gcc -c -g -O2 -Wall  conftest.c >&5
configure:8323: $? = 0
configure:8327: test -z 
			 || test ! -s conftest.err
configure:8330: $? = 0
configure:8333: test -s conftest.o
configure:8336: $? = 0
configure:8349: result: yes
configure:8358: checking for struct timeval
configure:8380: gcc -c -g -O2 -Wall  conftest.c >&5
configure:8386: $? = 0
configure:8390: test -z 
			 || test ! -s conftest.err
configure:8393: $? = 0
configure:8396: test -s conftest.o
configure:8399: $? = 0
configure:8412: result: yes
configure:8422: checking for sun_len field in struct sockaddr_un
configure:8447: gcc -c -g -O2 -Wall  conftest.c >&5
conftest.c: In function `main':
conftest.c:91: error: storage size of 's' isn't known
conftest.c:91: warning: unused variable `s'
configure:8453: $? = 1
configure: failed program was:
| /* confdefs.h.  */
| 
| #define PACKAGE_NAME "Spread"
| #define PACKAGE_TARNAME "spread"
| #define PACKAGE_VERSION "4.0.0"
| #define PACKAGE_STRING "Spread 4.0.0"
| #define PACKAGE_BUGREPORT ""
| #define HAVE_LIBPTHREAD 1
| #define HAVE_PTHREAD_ATFORK 1
| #define HAVE_LIBNSL 1
| #define HAVE_LIBM 1
| #define HAVE_STRFTIME 1
| #define STDC_HEADERS 1
| #define HAVE_SYS_TYPES_H 1
| #define HAVE_SYS_STAT_H 1
| #define HAVE_STDLIB_H 1
| #define HAVE_STRING_H 1
| #define HAVE_MEMORY_H 1
| #define HAVE_STRINGS_H 1
| #define HAVE_INTTYPES_H 1
| #define HAVE_STDINT_H 1
| #define HAVE_UNISTD_H 1
| #define HAVE_ARPA_INET_H 1
| #define HAVE_ASSERT_H 1
| #define HAVE_ERRNO_H 1
| #define HAVE_GRP_H 1
| #define HAVE_LIMITS_H 1
| #define HAVE_NETDB_H 1
| #define HAVE_NETINET_IN_H 1
| #define HAVE_NETINET_TCP_H 1
| #define HAVE_PTHREAD_H 1
| #define HAVE_PWD_H 1
| #define HAVE_SIGNAL_H 1
| #define HAVE_STDARG_H 1
| #define HAVE_STDINT_H 1
| #define HAVE_STDIO_H 1
| #define HAVE_STDLIB_H 1
| #define HAVE_STRING_H 1
| #define HAVE_SYS_IOCTL_H 1
| #define HAVE_SYS_PARAM_H 1
| #define HAVE_SYS_SOCKET_H 1
| #define HAVE_SYS_STAT_H 1
| #define HAVE_SYS_TIME_H 1
| #define HAVE_SYS_TIMEB_H 1
| #define HAVE_SYS_TYPES_H 1
| #define HAVE_SYS_UIO_H 1
| #define HAVE_SYS_UN_H 1
| #define HAVE_TIME_H 1
| #define HAVE_UNISTD_H 1
| #define HAVE_BCOPY 1
| #define HAVE_INET_ATON 1
| #define HAVE_INET_NTOA 1
| #define HAVE_INET_NTOP 1
| #define HAVE_MEMMOVE 1
| #define HAVE_SETSID 1
| #define HAVE_SNPRINTF 1
| #define HAVE_STRERROR 1
| #define HAVE_LRAND48 1
| #define HAVE_GETTIMEOFDAY 1
| #define HAVE_TIME 1
| #define SIZEOF_CHAR 1
| #define SIZEOF_SHORT_INT 2
| #define SIZEOF_INT 4
| #define SIZEOF_LONG_INT 4
| #define SIZEOF_LONG_LONG_INT 8
| #define HAVE_STRUCT_TIMEZONE 1
| #define ARCH_SCATTER_CONTROL 1
| #define HAVE_U_INT 1
| #define HAVE_INTXX_T 1
| #define HAVE_INT64_T 1
| #define HAVE_U_INTXX_T 1
| #define HAVE_U_INT64_T 1
| #define HAVE_SOCKLEN_T 1
| #define HAVE_SIZE_T 1
| #define HAVE_SSIZE_T 1
| #define HAVE_CLOCK_T 1
| #define HAVE_SA_FAMILY_T 1
| #define HAVE_STRUCT_SOCKADDR_STORAGE 1
| #define HAVE_STRUCT_SOCKADDR_IN6 1
| #define HAVE_STRUCT_IN6_ADDR 1
| #define HAVE_STRUCT_ADDRINFO 1
| #define HAVE_STRUCT_TIMEVAL 1
| /* end confdefs.h.  */
| 
| #include <sys/types.h>
| #include <sys/socket.h>
| 
| int
| main ()
| {
|  struct sockaddr_un s; s.sun_len = 1;
|   ;
|   return 0;
| }
configure:8478: result: no
configure:8487: checking for ss_family field in struct sockaddr_storage
configure:8512: gcc -c -g -O2 -Wall  conftest.c >&5
configure:8518: $? = 0
configure:8522: test -z 
			 || test ! -s conftest.err
configure:8525: $? = 0
configure:8528: test -s conftest.o
configure:8531: $? = 0
configure:8543: result: yes
configure:8552: checking for __ss_family field in struct sockaddr_storage
configure:8577: gcc -c -g -O2 -Wall  conftest.c >&5
conftest.c: In function `main':
conftest.c:92: error: structure has no member named `__ss_family'
configure:8583: $? = 1
configure: failed program was:
| /* confdefs.h.  */
| 
| #define PACKAGE_NAME "Spread"
| #define PACKAGE_TARNAME "spread"
| #define PACKAGE_VERSION "4.0.0"
| #define PACKAGE_STRING "Spread 4.0.0"
| #define PACKAGE_BUGREPORT ""
| #define HAVE_LIBPTHREAD 1
| #define HAVE_PTHREAD_ATFORK 1
| #define HAVE_LIBNSL 1
| #define HAVE_LIBM 1
| #define HAVE_STRFTIME 1
| #define STDC_HEADERS 1
| #define HAVE_SYS_TYPES_H 1
| #define HAVE_SYS_STAT_H 1
| #define HAVE_STDLIB_H 1
| #define HAVE_STRING_H 1
| #define HAVE_MEMORY_H 1
| #define HAVE_STRINGS_H 1
| #define HAVE_INTTYPES_H 1
| #define HAVE_STDINT_H 1
| #define HAVE_UNISTD_H 1
| #define HAVE_ARPA_INET_H 1
| #define HAVE_ASSERT_H 1
| #define HAVE_ERRNO_H 1
| #define HAVE_GRP_H 1
| #define HAVE_LIMITS_H 1
| #define HAVE_NETDB_H 1
| #define HAVE_NETINET_IN_H 1
| #define HAVE_NETINET_TCP_H 1
| #define HAVE_PTHREAD_H 1
| #define HAVE_PWD_H 1
| #define HAVE_SIGNAL_H 1
| #define HAVE_STDARG_H 1
| #define HAVE_STDINT_H 1
| #define HAVE_STDIO_H 1
| #define HAVE_STDLIB_H 1
| #define HAVE_STRING_H 1
| #define HAVE_SYS_IOCTL_H 1
| #define HAVE_SYS_PARAM_H 1
| #define HAVE_SYS_SOCKET_H 1
| #define HAVE_SYS_STAT_H 1
| #define HAVE_SYS_TIME_H 1
| #define HAVE_SYS_TIMEB_H 1
| #define HAVE_SYS_TYPES_H 1
| #define HAVE_SYS_UIO_H 1
| #define HAVE_SYS_UN_H 1
| #define HAVE_TIME_H 1
| #define HAVE_UNISTD_H 1
| #define HAVE_BCOPY 1
| #define HAVE_INET_ATON 1
| #define HAVE_INET_NTOA 1
| #define HAVE_INET_NTOP 1
| #define HAVE_MEMMOVE 1
| #define HAVE_SETSID 1
| #define HAVE_SNPRINTF 1
| #define HAVE_STRERROR 1
| #define HAVE_LRAND48 1
| #define HAVE_GETTIMEOFDAY 1
| #define HAVE_TIME 1
| #define SIZEOF_CHAR 1
| #define SIZEOF_SHORT_INT 2
| #define SIZEOF_INT 4
| #define SIZEOF_LONG_INT 4
| #define SIZEOF_LONG_LONG_INT 8
| #define HAVE_STRUCT_TIMEZONE 1
| #define ARCH_SCATTER_CONTROL 1
| #define HAVE_U_INT 1
| #define HAVE_INTXX_T 1
| #define HAVE_INT64_T 1
| #define HAVE_U_INTXX_T 1
| #define HAVE_U_INT64_T 1
| #define HAVE_SOCKLEN_T 1
| #define HAVE_SIZE_T 1
| #define HAVE_SSIZE_T 1
| #define HAVE_CLOCK_T 1
| #define HAVE_SA_FAMILY_T 1
| #define HAVE_STRUCT_SOCKADDR_STORAGE 1
| #define HAVE_STRUCT_SOCKADDR_IN6 1
| #define HAVE_STRUCT_IN6_ADDR 1
| #define HAVE_STRUCT_ADDRINFO 1
| #define HAVE_STRUCT_TIMEVAL 1
| #define HAVE_SS_FAMILY_IN_SS 1
| /* end confdefs.h.  */
| 
| #include <sys/types.h>
| #include <sys/socket.h>
| 
| int
| main ()
| {
|  struct sockaddr_storage s; s.__ss_family = 1;
|   ;
|   return 0;
| }
configure:8609: result: no
configure:8618: checking for pid_t
configure:8642: gcc -c -g -O2 -Wall  conftest.c >&5
configure:8648: $? = 0
configure:8652: test -z 
			 || test ! -s conftest.err
configure:8655: $? = 0
configure:8658: test -s conftest.o
configure:8661: $? = 0
configure:8674: result: yes
configure:8683: checking if libc defines __progname
configure:8705: gcc -o conftest -g -O2 -Wall   conftest.c -lm -lnsl  >&5
conftest.c: In function `main':
conftest.c:90: warning: implicit declaration of function `printf'
configure:8711: $? = 0
configure:8715: test -z 
			 || test ! -s conftest.err
configure:8718: $? = 0
configure:8721: test -s conftest
configure:8724: $? = 0
configure:8738: result: yes
configure:8748: checking if libc defines sys_errlist
configure:8770: gcc -o conftest -g -O2 -Wall   conftest.c -lm -lnsl  >&5
conftest.c: In function `main':
conftest.c:91: warning: implicit declaration of function `printf'
/tmp/cc6jSILi.o(.text+0xe): In function `main':
/home3/sandeep/SPREAD/spread-src-4.0.0/conftest.c:91: warning: `sys_errlist' is deprecated; use `strerror' or `strerror_r' instead
configure:8776: $? = 0
configure:8780: test -z 
			 || test ! -s conftest.err
configure:8783: $? = 0
configure:8786: test -s conftest
configure:8789: $? = 0
configure:8803: result: yes
configure:8813: checking if libc defines sys_nerr
configure:8835: gcc -o conftest -g -O2 -Wall   conftest.c -lm -lnsl  >&5
conftest.c: In function `main':
conftest.c:92: warning: implicit declaration of function `printf'
/tmp/ccwHmhqj.o(.text+0xe): In function `main':
/home3/sandeep/SPREAD/spread-src-4.0.0/conftest.c:92: warning: `sys_nerr' is deprecated; use `strerror' or `strerror_r' instead
configure:8841: $? = 0
configure:8845: test -z 
			 || test ! -s conftest.err
configure:8848: $? = 0
configure:8851: test -s conftest
configure:8854: $? = 0
configure:8868: result: yes
configure:8881: checking Check Spread's major version
configure:8883: result: 4
configure:8886: checking Check Spread's minor version
configure:8888: result: 0
configure:8891: checking Check Spread's patch version
configure:8893: result: 0
configure:8922: checking for nroff
configure:8941: found /usr/bin/nroff
configure:8953: result: /usr/bin/nroff
configure:9201: creating ./config.status

## ---------------------- ##
## Running config.status. ##
## ---------------------- ##

This file was extended by Spread config.status 4.0.0, which was
generated by GNU Autoconf 2.59.  Invocation command line was

  CONFIG_FILES    = 
  CONFIG_HEADERS  = 
  CONFIG_LINKS    = 
  CONFIG_COMMANDS = 
  $ ./config.status 

on SrishtiA

config.status:696: creating Makefile
config.status:696: creating daemon/Makefile
config.status:696: creating docs/Makefile
config.status:696: creating libspread/Makefile
config.status:696: creating examples/Makefile
config.status:800: creating daemon/config.h
configure:10453: configuring in stdutil
configure:10570: running /bin/sh './configure' --prefix=/usr/local  --cache-file=/dev/null --srcdir=.

## ---------------- ##
## Cache variables. ##
## ---------------- ##

ac_cv_arch_win=no
ac_cv_build=i686-pc-linux-gnu
ac_cv_build_alias=i686-pc-linux-gnu
ac_cv_c_bigendian=no
ac_cv_c_compiler_gnu=yes
ac_cv_c_inline=inline
ac_cv_env_CC_set=
ac_cv_env_CC_value=
ac_cv_env_CFLAGS_set=
ac_cv_env_CFLAGS_value=
ac_cv_env_CPPFLAGS_set=
ac_cv_env_CPPFLAGS_value=
ac_cv_env_CPP_set=
ac_cv_env_CPP_value=
ac_cv_env_LDFLAGS_set=
ac_cv_env_LDFLAGS_value=
ac_cv_env_build_alias_set=
ac_cv_env_build_alias_value=
ac_cv_env_host_alias_set=
ac_cv_env_host_alias_value=
ac_cv_env_target_alias_set=
ac_cv_env_target_alias_value=
ac_cv_exeext=
ac_cv_func_bcopy=yes
ac_cv_func_gettimeofday=yes
ac_cv_func_inet_aton=yes
ac_cv_func_inet_ntoa=yes
ac_cv_func_inet_ntop=yes
ac_cv_func_lrand48=yes
ac_cv_func_memmove=yes
ac_cv_func_pthread_atfork=yes
ac_cv_func_setsid=yes
ac_cv_func_snprintf=yes
ac_cv_func_strerror=yes
ac_cv_func_strftime=yes
ac_cv_func_time=yes
ac_cv_have___ss_family_in_struct_ss=no
ac_cv_have_clock_t=yes
ac_cv_have_int64_t=yes
ac_cv_have_intxx_t=yes
ac_cv_have_pid_t=yes
ac_cv_have_sa_family_t=yes
ac_cv_have_size_t=yes
ac_cv_have_socklen_t=yes
ac_cv_have_sockopt_len_t=no
ac_cv_have_ss_family_in_struct_ss=yes
ac_cv_have_ssize_t=yes
ac_cv_have_struct_addrinfo=yes
ac_cv_have_struct_in6_addr=yes
ac_cv_have_struct_msghdr=yes
ac_cv_have_struct_msghdr_acc=no
ac_cv_have_struct_msghdr_ctl=yes
ac_cv_have_struct_sockaddr_in6=yes
ac_cv_have_struct_sockaddr_storage=yes
ac_cv_have_struct_timeval=yes
ac_cv_have_struct_timezone=yes
ac_cv_have_sun_len_in_struct_sockaddr_un=no
ac_cv_have_u_int=yes
ac_cv_have_u_int64_t=yes
ac_cv_have_u_intxx_t=yes
ac_cv_header_arpa_inet_h=yes
ac_cv_header_assert_h=yes
ac_cv_header_errno_h=yes
ac_cv_header_grp_h=yes
ac_cv_header_inttypes_h=yes
ac_cv_header_limits_h=yes
ac_cv_header_memory_h=yes
ac_cv_header_netdb_h=yes
ac_cv_header_netinet_in_h=yes
ac_cv_header_netinet_tcp_h=yes
ac_cv_header_process_h=no
ac_cv_header_pthread_h=yes
ac_cv_header_pwd_h=yes
ac_cv_header_signal_h=yes
ac_cv_header_stdarg_h=yes
ac_cv_header_stdc=yes
ac_cv_header_stdint_h=yes
ac_cv_header_stdio_h=yes
ac_cv_header_stdlib_h=yes
ac_cv_header_string_h=yes
ac_cv_header_strings_h=yes
ac_cv_header_sys_filio_h=no
ac_cv_header_sys_inttypes_h=no
ac_cv_header_sys_ioctl_h=yes
ac_cv_header_sys_param_h=yes
ac_cv_header_sys_socket_h=yes
ac_cv_header_sys_stat_h=yes
ac_cv_header_sys_time_h=yes
ac_cv_header_sys_timeb_h=yes
ac_cv_header_sys_types_h=yes
ac_cv_header_sys_uio_h=yes
ac_cv_header_sys_un_h=yes
ac_cv_header_time_h=yes
ac_cv_header_unistd_h=yes
ac_cv_header_windows_h=no
ac_cv_header_winsock_h=no
ac_cv_host=i686-pc-linux-gnu
ac_cv_host_alias=i686-pc-linux-gnu
ac_cv_lib_m_sqrt=yes
ac_cv_lib_nsl_gethostbyaddr=yes
ac_cv_lib_posix4_sem_wait=no
ac_cv_lib_pthread_pthread_create=yes
ac_cv_lib_socket_socket=no
ac_cv_lib_thread_thr_create=no
ac_cv_libc_defines___progname=yes
ac_cv_libc_defines_sys_errlist=yes
ac_cv_libc_defines_sys_nerr=yes
ac_cv_objext=o
ac_cv_path_AR=/usr/bin/ar
ac_cv_path_LEX=/usr/bin/flex
ac_cv_path_NROFF=/usr/bin/nroff
ac_cv_path_PERL=/usr/bin/perl
ac_cv_path_install='/usr/bin/install -c'
ac_cv_prog_CPP='gcc -E'
ac_cv_prog_YACC='bison -y'
ac_cv_prog_ac_ct_CC=gcc
ac_cv_prog_ac_ct_RANLIB=ranlib
ac_cv_prog_cc_g=yes
ac_cv_prog_cc_stdc=
ac_cv_prog_egrep='grep -E'
ac_cv_sizeof_char=1
ac_cv_sizeof_int=4
ac_cv_sizeof_long_int=4
ac_cv_sizeof_long_long_int=8
ac_cv_sizeof_short_int=2
ac_cv_type_char=yes
ac_cv_type_int=yes
ac_cv_type_long_int=yes
ac_cv_type_long_long_int=yes
ac_cv_type_short_int=yes

## ----------------- ##
## Output variables. ##
## ----------------- ##

AR='/usr/bin/ar'
CC='gcc'
CFLAGS='-g -O2 -Wall'
CPP='gcc -E'
CPPFLAGS=''
DEFS='-DHAVE_CONFIG_H'
ECHO_C=''
ECHO_N='-n'
ECHO_T=''
EGREP='grep -E'
EXEEXT=''
INSTALL_DATA='${INSTALL} -m 644'
INSTALL_PROGRAM='${INSTALL}'
INSTALL_SCRIPT='${INSTALL}'
LD='gcc'
LDFLAGS=''
LEX='/usr/bin/flex'
LIBOBJS=''
LIBS='-lm -lnsl '
LIBSPCORESO='libspread-core.so'
LIBSPSO='libspread.so'
LIBTSPCORESO='libtspread-core.so'
LN_S='ln -s'
LTLIBOBJS=''
MANTYPE='doc'
NROFF='/usr/bin/nroff'
OBJEXT='o'
PACKAGE_BUGREPORT=''
PACKAGE_NAME='Spread'
PACKAGE_STRING='Spread 4.0.0'
PACKAGE_TARNAME='spread'
PACKAGE_VERSION='4.0.0'
PATH_SEPARATOR=':'
PERL='/usr/bin/perl'
RANLIB='ranlib'
SHCC='gcc'
SHCFLAGS='-g -O2 -Wall -fPIC'
SHCPPFLAGS=''
SHELL='/bin/sh'
SHLD='gcc -shared'
SHLDCONVERTSTATIC='-Wl,-whole-archive'
SHLDCONVERTSTATICEND='-Wl,-no-whole-archive'
SHLDFLAGS=' '
SHLIBS='-lm -lnsl '
SP_MAJOR_VERSION='4'
SP_MINOR_VERSION='0'
SP_PATCH_VERSION='0'
THLDFLAGS=''
THLIBS='-lpthread '
YACC='bison -y'
ac_ct_CC='gcc'
ac_ct_RANLIB='ranlib'
bindir='${exec_prefix}/bin'
build='i686-pc-linux-gnu'
build_alias=''
build_cpu='i686'
build_os='linux-gnu'
build_vendor='pc'
datadir='${prefix}/share'
docdir='${datadir}/doc/spread'
exec_prefix='${prefix}'
host='i686-pc-linux-gnu'
host_alias=''
host_cpu='i686'
host_os='linux-gnu'
host_vendor='pc'
includedir='${prefix}/include'
infodir='${prefix}/info'
libdir='${exec_prefix}/lib'
libexecdir='${exec_prefix}/libexec'
localstatedir='${prefix}/var'
mandir='${prefix}/man'
mansubdir='man'
oldincludedir='/usr/include'
piddir='/var/run'
prefix='/usr/local'
program_transform_name='s,x,x,'
sbindir='${exec_prefix}/sbin'
sharedstatedir='${prefix}/com'
subdirs=' stdutil'
sysconfdir='${prefix}/etc'
target_alias=''

## ----------- ##
## confdefs.h. ##
## ----------- ##

#define ARCH_SCATTER_CONTROL 1
#define HAVE_ARPA_INET_H 1
#define HAVE_ASSERT_H 1
#define HAVE_BCOPY 1
#define HAVE_CLOCK_T 1
#define HAVE_ERRNO_H 1
#define HAVE_GETTIMEOFDAY 1
#define HAVE_GRP_H 1
#define HAVE_INET_ATON 1
#define HAVE_INET_NTOA 1
#define HAVE_INET_NTOP 1
#define HAVE_INT64_T 1
#define HAVE_INTTYPES_H 1
#define HAVE_INTXX_T 1
#define HAVE_LIBM 1
#define HAVE_LIBNSL 1
#define HAVE_LIBPTHREAD 1
#define HAVE_LIMITS_H 1
#define HAVE_LRAND48 1
#define HAVE_MEMMOVE 1
#define HAVE_MEMORY_H 1
#define HAVE_NETDB_H 1
#define HAVE_NETINET_IN_H 1
#define HAVE_NETINET_TCP_H 1
#define HAVE_PID_T 1
#define HAVE_PTHREAD_ATFORK 1
#define HAVE_PTHREAD_H 1
#define HAVE_PWD_H 1
#define HAVE_SA_FAMILY_T 1
#define HAVE_SETSID 1
#define HAVE_SIGNAL_H 1
#define HAVE_SIZE_T 1
#define HAVE_SNPRINTF 1
#define HAVE_SOCKLEN_T 1
#define HAVE_SSIZE_T 1
#define HAVE_SS_FAMILY_IN_SS 1
#define HAVE_STDARG_H 1
#define HAVE_STDINT_H 1
#define HAVE_STDINT_H 1
#define HAVE_STDIO_H 1
#define HAVE_STDLIB_H 1
#define HAVE_STDLIB_H 1
#define HAVE_STRERROR 1
#define HAVE_STRFTIME 1
#define HAVE_STRINGS_H 1
#define HAVE_STRING_H 1
#define HAVE_STRING_H 1
#define HAVE_STRUCT_ADDRINFO 1
#define HAVE_STRUCT_IN6_ADDR 1
#define HAVE_STRUCT_SOCKADDR_IN6 1
#define HAVE_STRUCT_SOCKADDR_STORAGE 1
#define HAVE_STRUCT_TIMEVAL 1
#define HAVE_STRUCT_TIMEZONE 1
#define HAVE_SYS_ERRLIST 1
#define HAVE_SYS_IOCTL_H 1
#define HAVE_SYS_NERR 1
#define HAVE_SYS_PARAM_H 1
#define HAVE_SYS_SOCKET_H 1
#define HAVE_SYS_STAT_H 1
#define HAVE_SYS_STAT_H 1
#define HAVE_SYS_TIMEB_H 1
#define HAVE_SYS_TIME_H 1
#define HAVE_SYS_TYPES_H 1
#define HAVE_SYS_TYPES_H 1
#define HAVE_SYS_UIO_H 1
#define HAVE_SYS_UN_H 1
#define HAVE_TIME 1
#define HAVE_TIME_H 1
#define HAVE_UNISTD_H 1
#define HAVE_UNISTD_H 1
#define HAVE_U_INT 1
#define HAVE_U_INT64_T 1
#define HAVE_U_INTXX_T 1
#define HAVE___PROGNAME 1
#define PACKAGE_BUGREPORT ""
#define PACKAGE_NAME "Spread"
#define PACKAGE_STRING "Spread 4.0.0"
#define PACKAGE_TARNAME "spread"
#define PACKAGE_VERSION "4.0.0"
#define SIZEOF_CHAR 1
#define SIZEOF_INT 4
#define SIZEOF_LONG_INT 4
#define SIZEOF_LONG_LONG_INT 8
#define SIZEOF_SHORT_INT 2
#define SPREAD_ETCDIR "/usr/local/etc"
#define STDC_HEADERS 1
#define _PATH_SPREAD_PIDDIR "/var/run"

configure: exit 0
